#
# There is insufficient memory for the Java Runtime Environment to continue.
# Native memory allocation (malloc) failed to allocate 1118672 bytes. Error detail: Chunk::new
# Possible reasons:
#   The system is out of physical RAM or swap space
#   This process is running with CompressedOops enabled, and the Java Heap may be blocking the growth of the native heap
# Possible solutions:
#   Reduce memory load on the system
#   Increase physical memory or swap space
#   Check if swap backing store is full
#   Decrease Java heap size (-Xmx/-Xms)
#   Decrease number of Java threads
#   Decrease Java thread stack sizes (-Xss)
#   Set larger code cache with -XX:ReservedCodeCacheSize=
#   JVM is running with Unscaled Compressed Oops mode in which the Java heap is
#     placed in the first 4GB address space. The Java Heap base address is the
#     maximum limit for the native heap growth. Please use -XX:HeapBaseMinAddress
#     to set the Java Heap base and to place the Java Heap above 4GB virtual address.
# This output file may be truncated or incomplete.
#
#  Out of Memory Error (arena.cpp:168), pid=10972, tid=10716
#
# JRE version: OpenJDK Runtime Environment Temurin-21.0.7+6 (21.0.7+6) (build 21.0.7+6-LTS)
# Java VM: OpenJDK 64-Bit Server VM Temurin-21.0.7+6 (21.0.7+6-LTS, mixed mode, sharing, tiered, compressed oops, compressed class ptrs, parallel gc, windows-amd64)
# No core dump will be written. Minidumps are not enabled by default on client versions of Windows
#

---------------  S U M M A R Y ------------

Command Line: --add-modules=ALL-SYSTEM --add-opens=java.base/java.util=ALL-UNNAMED --add-opens=java.base/java.lang=ALL-UNNAMED --add-opens=java.base/sun.nio.fs=ALL-UNNAMED -Declipse.application=org.eclipse.jdt.ls.core.id1 -Dosgi.bundles.defaultStartLevel=4 -Declipse.product=org.eclipse.jdt.ls.core.product -Djava.import.generatesMetadataFilesAtProjectRoot=false -DDetectVMInstallationsJob.disabled=true -Dfile.encoding=utf8 -XX:+UseParallelGC -XX:GCTimeRatio=4 -XX:AdaptiveSizePolicyWeight=90 -Dsun.zip.disableMemoryMapping=true -Xmx2G -Xms100m -Xlog:disable -javaagent:c:\Users\H\.vscode\extensions\redhat.java-1.43.1-win32-x64\lombok\lombok-1.18.39-4050.jar c:\Users\H\.vscode\extensions\redhat.java-1.43.1-win32-x64\server\plugins\org.eclipse.equinox.launcher_1.7.0.v20250519-0528.jar -configuration c:\Users\H\AppData\Roaming\Code\User\globalStorage\redhat.java\1.43.1\config_ss_win -data c:\Users\H\AppData\Roaming\Code\User\workspaceStorage\752bcb2c84d0666007193bd6390a1d86\redhat.java\ss_ws --pipe=\\.\pipe\lsp-349f170f244ddb02927dbbe3434228bb-sock

Host: AMD Ryzen 3 3250U with Radeon Graphics         , 4 cores, 3G,  Windows 11 , 64 bit Build 22621 (10.0.22621.5415)
Time: Thu Jul 17 16:18:48 2025 E. Africa Standard Time elapsed time: 2011.434606 seconds (0d 0h 33m 31s)

---------------  T H R E A D  ---------------

Current thread (0x000002077a9ae8b0):  JavaThread "C2 CompilerThread0" daemon [_thread_in_native, id=10716, stack(0x0000001b85900000,0x0000001b85a00000) (1024K)]


Current CompileTask:
C2:2011435 13197       4       org.eclipse.jdt.internal.compiler.lookup.Scope::findField (850 bytes)

Stack: [0x0000001b85900000,0x0000001b85a00000]
Native frames: (J=compiled Java code, j=interpreted, Vv=VM code, C=native code)
V  [jvm.dll+0x6ce119]
V  [jvm.dll+0x8a84a1]
V  [jvm.dll+0x8aa9ce]
V  [jvm.dll+0x8ab0b3]
V  [jvm.dll+0x27f8a6]
V  [jvm.dll+0xc507d]
V  [jvm.dll+0xc55b3]
V  [jvm.dll+0x3b692c]
V  [jvm.dll+0x1e0029]
V  [jvm.dll+0x247c42]
V  [jvm.dll+0x2470cf]
V  [jvm.dll+0x1c760e]
V  [jvm.dll+0x25695a]
V  [jvm.dll+0x254efa]
V  [jvm.dll+0x3f03f6]
V  [jvm.dll+0x851f6b]
V  [jvm.dll+0x6cc7dd]
C  [ucrtbase.dll+0x29333]
C  [KERNEL32.DLL+0x1259d]
C  [ntdll.dll+0x5af78]


---------------  P R O C E S S  ---------------

Threads class SMR info:
_java_thread_list=0x0000020759d65ff0, length=40, elements={
0x000002077aaaf560, 0x000002077a999c70, 0x000002077a99eba0, 0x000002077a9a2610,
0x000002077a9a3520, 0x000002077a9a6d30, 0x000002077a9a9580, 0x000002077a9ae8b0,
0x000002077a9d1750, 0x000002077ab1c360, 0x000002077f2b8ef0, 0x000002077f56c0d0,
0x000002077f3eeb20, 0x000002077f587ba0, 0x000002077f13dc20, 0x000002077f0a5990,
0x000002077f251080, 0x0000020758561c00, 0x0000020758560850, 0x0000020758563640,
0x0000020758561570, 0x0000020758560ee0, 0x00000207585601c0, 0x0000020758562fb0,
0x0000020758562290, 0x000002077f803cc0, 0x000002077f800840, 0x000002077f802280,
0x000002077f804350, 0x000002077f800ed0, 0x000002077f8049e0, 0x000002077f805070,
0x000002077f802910, 0x000002077f805700, 0x000002077f805d90, 0x000002077f806420,
0x000002077f801bf0, 0x000002077f802fa0, 0x000002077f7ffb20, 0x000002077f807140
}

Java Threads: ( => current thread )
  0x000002077aaaf560 JavaThread "main"                              [_thread_blocked, id=10808, stack(0x0000001b84f00000,0x0000001b85000000) (1024K)]
  0x000002077a999c70 JavaThread "Reference Handler"          daemon [_thread_blocked, id=16948, stack(0x0000001b85300000,0x0000001b85400000) (1024K)]
  0x000002077a99eba0 JavaThread "Finalizer"                  daemon [_thread_blocked, id=15556, stack(0x0000001b85400000,0x0000001b85500000) (1024K)]
  0x000002077a9a2610 JavaThread "Signal Dispatcher"          daemon [_thread_blocked, id=7324, stack(0x0000001b85500000,0x0000001b85600000) (1024K)]
  0x000002077a9a3520 JavaThread "Attach Listener"            daemon [_thread_blocked, id=7724, stack(0x0000001b85600000,0x0000001b85700000) (1024K)]
  0x000002077a9a6d30 JavaThread "Service Thread"             daemon [_thread_blocked, id=18492, stack(0x0000001b85700000,0x0000001b85800000) (1024K)]
  0x000002077a9a9580 JavaThread "Monitor Deflation Thread"   daemon [_thread_blocked, id=18264, stack(0x0000001b85800000,0x0000001b85900000) (1024K)]
=>0x000002077a9ae8b0 JavaThread "C2 CompilerThread0"         daemon [_thread_in_native, id=10716, stack(0x0000001b85900000,0x0000001b85a00000) (1024K)]
  0x000002077a9d1750 JavaThread "C1 CompilerThread0"         daemon [_thread_blocked, id=20504, stack(0x0000001b85a00000,0x0000001b85b00000) (1024K)]
  0x000002077ab1c360 JavaThread "Common-Cleaner"             daemon [_thread_blocked, id=4296, stack(0x0000001b85b00000,0x0000001b85c00000) (1024K)]
  0x000002077f2b8ef0 JavaThread "Notification Thread"        daemon [_thread_blocked, id=2888, stack(0x0000001b85c00000,0x0000001b85d00000) (1024K)]
  0x000002077f56c0d0 JavaThread "Active Thread: Equinox Container: 73f7c33d-a101-4104-9428-c1a314e4630c"        [_thread_blocked, id=9236, stack(0x0000001b86000000,0x0000001b86100000) (1024K)]
  0x000002077f3eeb20 JavaThread "Framework Event Dispatcher: Equinox Container: 73f7c33d-a101-4104-9428-c1a314e4630c" daemon [_thread_blocked, id=14208, stack(0x0000001b86100000,0x0000001b86200000) (1024K)]
  0x000002077f587ba0 JavaThread "Start Level: Equinox Container: 73f7c33d-a101-4104-9428-c1a314e4630c" daemon [_thread_blocked, id=15748, stack(0x0000001b86200000,0x0000001b86300000) (1024K)]
  0x000002077f13dc20 JavaThread "SCR Component Actor"        daemon [_thread_blocked, id=8840, stack(0x0000001b86300000,0x0000001b86400000) (1024K)]
  0x000002077f0a5990 JavaThread "Worker-JM"                         [_thread_blocked, id=9524, stack(0x0000001b86500000,0x0000001b86600000) (1024K)]
  0x000002077f251080 JavaThread "JNA Cleaner"                daemon [_thread_blocked, id=20532, stack(0x0000001b86400000,0x0000001b86500000) (1024K)]
  0x0000020758561c00 JavaThread "Thread-3"                   daemon [_thread_in_native, id=16564, stack(0x0000001b84e00000,0x0000001b84f00000) (1024K)]
  0x0000020758560850 JavaThread "Thread-4"                   daemon [_thread_in_native, id=11652, stack(0x0000001b86800000,0x0000001b86900000) (1024K)]
  0x0000020758563640 JavaThread "Thread-5"                   daemon [_thread_in_native, id=20692, stack(0x0000001b86900000,0x0000001b86a00000) (1024K)]
  0x0000020758561570 JavaThread "Thread-6"                   daemon [_thread_in_native, id=16944, stack(0x0000001b86a00000,0x0000001b86b00000) (1024K)]
  0x0000020758560ee0 JavaThread "Thread-7"                   daemon [_thread_in_native, id=15736, stack(0x0000001b86b00000,0x0000001b86c00000) (1024K)]
  0x00000207585601c0 JavaThread "pool-2-thread-1"                   [_thread_blocked, id=6108, stack(0x0000001b86c00000,0x0000001b86d00000) (1024K)]
  0x0000020758562fb0 JavaThread "WorkspaceEventsHandler"            [_thread_blocked, id=9064, stack(0x0000001b86e00000,0x0000001b86f00000) (1024K)]
  0x0000020758562290 JavaThread "pool-1-thread-1"                   [_thread_blocked, id=13388, stack(0x0000001b86f00000,0x0000001b87000000) (1024K)]
  0x000002077f803cc0 JavaThread "Worker-3"                          [_thread_blocked, id=7136, stack(0x0000001b84d00000,0x0000001b84e00000) (1024K)]
  0x000002077f800840 JavaThread "Compiler Source File Reader" daemon [_thread_blocked, id=7152, stack(0x0000001b86600000,0x0000001b86700000) (1024K)]
  0x000002077f802280 JavaThread "Compiler Source File Reader" daemon [_thread_blocked, id=12240, stack(0x0000001b86700000,0x0000001b86800000) (1024K)]
  0x000002077f804350 JavaThread "ForkJoinPool.commonPool-worker-12" daemon [_thread_blocked, id=19360, stack(0x0000001b87100000,0x0000001b87200000) (1024K)]
  0x000002077f800ed0 JavaThread "ForkJoinPool.commonPool-worker-13" daemon [_thread_blocked, id=804, stack(0x0000001b87200000,0x0000001b87300000) (1024K)]
  0x000002077f8049e0 JavaThread "ForkJoinPool.commonPool-worker-14" daemon [_thread_blocked, id=18172, stack(0x0000001b87300000,0x0000001b87400000) (1024K)]
  0x000002077f805070 JavaThread "Worker-6"                          [_thread_blocked, id=6944, stack(0x0000001b87400000,0x0000001b87500000) (1024K)]
  0x000002077f802910 JavaThread "Worker-7"                          [_thread_blocked, id=7780, stack(0x0000001b84c00000,0x0000001b84d00000) (1024K)]
  0x000002077f805700 JavaThread "Compiler Processing Task"   daemon [_thread_blocked, id=6820, stack(0x0000001b86d00000,0x0000001b86e00000) (1024K)]
  0x000002077f805d90 JavaThread "Worker-8"                          [_thread_blocked, id=8712, stack(0x0000001b87000000,0x0000001b87100000) (1024K)]
  0x000002077f806420 JavaThread "LocalFile Deleter"          daemon [_thread_blocked, id=20172, stack(0x0000001b87600000,0x0000001b87700000) (1024K)]
  0x000002077f801bf0 JavaThread "LocalFile Deleter"          daemon [_thread_blocked, id=18460, stack(0x0000001b87700000,0x0000001b87800000) (1024K)]
  0x000002077f802fa0 JavaThread "LocalFile Deleter"          daemon [_thread_blocked, id=18252, stack(0x0000001b87800000,0x0000001b87900000) (1024K)]
  0x000002077f7ffb20 JavaThread "Compiler Class File Writer" daemon [_thread_blocked, id=15916, stack(0x0000001b87900000,0x0000001b87a00000) (1024K)]
  0x000002077f807140 JavaThread "Compiler Class File Writer" daemon [_thread_blocked, id=9856, stack(0x0000001b87a00000,0x0000001b87b00000) (1024K)]
Total: 40

Other Threads:
  0x000002077ab6df80 VMThread "VM Thread"                           [id=10372, stack(0x0000001b85200000,0x0000001b85300000) (1024K)]
  0x000002077a93ca10 WatcherThread "VM Periodic Task Thread"        [id=13540, stack(0x0000001b85100000,0x0000001b85200000) (1024K)]
  0x000002077aacd8c0 WorkerThread "GC Thread#0"                     [id=3732, stack(0x0000001b85000000,0x0000001b85100000) (1024K)]
  0x000002077f4f1db0 WorkerThread "GC Thread#1"                     [id=15236, stack(0x0000001b85d00000,0x0000001b85e00000) (1024K)]
  0x000002077f59f7f0 WorkerThread "GC Thread#2"                     [id=18224, stack(0x0000001b85e00000,0x0000001b85f00000) (1024K)]
  0x000002077f59fb90 WorkerThread "GC Thread#3"                     [id=8316, stack(0x0000001b85f00000,0x0000001b86000000) (1024K)]
Total: 6

Threads with active compile tasks:
C2 CompilerThread0  2011606 13197       4       org.eclipse.jdt.internal.compiler.lookup.Scope::findField (850 bytes)
Total: 1

VM state: not at safepoint (normal execution)

VM Mutex/Monitor currently owned by a thread: None

Heap address: 0x0000000080000000, size: 2048 MB, Compressed Oops mode: 32-bit

CDS archive(s) mapped at: [0x0000020713000000-0x0000020713ba0000-0x0000020713ba0000), size 12189696, SharedBaseAddress: 0x0000020713000000, ArchiveRelocationMode: 1.
Compressed class space mapped at: 0x0000020714000000-0x0000020754000000, reserved size: 1073741824
Narrow klass base: 0x0000020713000000, Narrow klass shift: 0, Narrow klass range: 0x100000000

GC Precious Log:
 CardTable entry size: 512
 CPUs: 4 total, 4 available
 Memory: 3499M
 Large Page Support: Disabled
 NUMA Support: Disabled
 Compressed Oops: Enabled (32-bit)
 Alignments: Space 512K, Generation 512K, Heap 2M
 Heap Min Capacity: 100M
 Heap Initial Capacity: 100M
 Heap Max Capacity: 2G
 Pre-touch: Disabled
 Parallel Workers: 4

Heap:
 PSYoungGen      total 4608K, used 1809K [0x00000000d5580000, 0x00000000d5b80000, 0x0000000100000000)
  eden space 4096K, 32% used [0x00000000d5580000,0x00000000d56c8458,0x00000000d5980000)
  from space 512K, 96% used [0x00000000d5a80000,0x00000000d5afc010,0x00000000d5b00000)
  to   space 512K, 0% used [0x00000000d5b00000,0x00000000d5b00000,0x00000000d5b80000)
 ParOldGen       total 112128K, used 111659K [0x0000000080000000, 0x0000000086d80000, 0x00000000d5580000)
  object space 112128K, 99% used [0x0000000080000000,0x0000000086d0ad38,0x0000000086d80000)
 Metaspace       used 58248K, committed 59456K, reserved 1114112K
  class space    used 5519K, committed 6080K, reserved 1048576K

Card table byte_map: [0x000002077a450000,0x000002077a860000] _byte_map_base: 0x000002077a050000

Marking Bits: (ParMarkBitMap*) 0x00007ffba6ca31f0
 Begin Bits: [0x000002070f000000, 0x0000020711000000)
 End Bits:   [0x0000020711000000, 0x0000020713000000)

Polling page: 0x00000207788d0000

Metaspace:

Usage:
  Non-class:     51.49 MB used.
      Class:      5.39 MB used.
       Both:     56.88 MB used.

Virtual space:
  Non-class space:       64.00 MB reserved,      52.12 MB ( 81%) committed,  1 nodes.
      Class space:        1.00 GB reserved,       5.94 MB ( <1%) committed,  1 nodes.
             Both:        1.06 GB reserved,      58.06 MB (  5%) committed. 

Chunk freelists:
   Non-Class:  11.11 MB
       Class:  10.09 MB
        Both:  21.20 MB

MaxMetaspaceSize: unlimited
CompressedClassSpaceSize: 1.00 GB
Initial GC threshold: 21.00 MB
Current GC threshold: 94.50 MB
CDS: on
 - commit_granule_bytes: 65536.
 - commit_granule_words: 8192.
 - virtual_space_node_default_size: 8388608.
 - enlarge_chunks_in_place: 1.
 - use_allocation_guard: 0.


Internal statistics:

num_allocs_failed_limit: 6.
num_arena_births: 1248.
num_arena_deaths: 168.
num_vsnodes_births: 2.
num_vsnodes_deaths: 0.
num_space_committed: 929.
num_space_uncommitted: 0.
num_chunks_returned_to_freelist: 237.
num_chunks_taken_from_freelist: 3992.
num_chunk_merges: 74.
num_chunk_splits: 2315.
num_chunks_enlarged: 1267.
num_inconsistent_stats: 0.

CodeHeap 'non-profiled nmethods': size=120000Kb used=12545Kb max_used=12545Kb free=107454Kb
 bounds [0x0000020707ad0000, 0x0000020708720000, 0x000002070f000000]
CodeHeap 'profiled nmethods': size=120000Kb used=32908Kb max_used=32908Kb free=87091Kb
 bounds [0x0000020700000000, 0x0000020702030000, 0x0000020707530000]
CodeHeap 'non-nmethods': size=5760Kb used=1470Kb max_used=1531Kb free=4289Kb
 bounds [0x0000020707530000, 0x00000207077a0000, 0x0000020707ad0000]
 total_blobs=13083 nmethods=12303 adapters=683
 compilation: enabled
              stopped_count=0, restarted_count=0
 full_count=0

Compilation events (20 events):
Event: 2010.872 Thread 0x000002077a9ae8b0 nmethod 13186 0x000002070870a010 code [0x000002070870a2e0, 0x000002070870b2b0]
Event: 2010.887 Thread 0x000002077a9d1750 13187       3       org.eclipse.jdt.core.dom.ASTConverter::convert (708 bytes)
Event: 2010.892 Thread 0x000002077a9ae8b0 13190       4       org.eclipse.jdt.core.dom.ASTVisitor::endVisit (1 bytes)
Event: 2010.892 Thread 0x000002077a9ae8b0 nmethod 13190 0x000002070870be10 code [0x000002070870bfa0, 0x000002070870c028]
Event: 2010.901 Thread 0x000002077a9d1750 nmethod 13187 0x000002070201c410 code [0x000002070201cc60, 0x0000020702021ea8]
Event: 2010.901 Thread 0x000002077a9d1750 13189       3       org.eclipse.jdt.core.dom.MethodDeclaration::setBody (29 bytes)
Event: 2010.902 Thread 0x000002077a9d1750 nmethod 13189 0x0000020702022b10 code [0x0000020702022cc0, 0x0000020702022e98]
Event: 2010.902 Thread 0x000002077a9d1750 13188       1       org.eclipse.jdt.core.dom.ReturnStatement::getNodeType0 (3 bytes)
Event: 2010.902 Thread 0x000002077a9d1750 nmethod 13188 0x000002070870c110 code [0x000002070870c2a0, 0x000002070870c368]
Event: 2010.911 Thread 0x000002077a9ae8b0 13191       4       org.eclipse.jdt.internal.corext.dom.GenericVisitor::visit (6 bytes)
Event: 2010.911 Thread 0x000002077a9d1750 13192       3       org.eclipse.jdt.internal.corext.dom.GenericVisitor::endVisit (6 bytes)
Event: 2010.911 Thread 0x000002077a9d1750 nmethod 13192 0x0000020702022f90 code [0x0000020702023140, 0x0000020702023320]
Event: 2010.912 Thread 0x000002077a9ae8b0 nmethod 13191 0x000002070870c410 code [0x000002070870c5a0, 0x000002070870c650]
Event: 2010.996 Thread 0x000002077a9ae8b0 13193       4       org.eclipse.jdt.internal.compiler.codegen.ConstantPool::literalIndex (400 bytes)
Event: 2011.050 Thread 0x000002077a9ae8b0 nmethod 13193 0x000002070870c710 code [0x000002070870c9c0, 0x000002070870da60]
Event: 2011.057 Thread 0x000002077a9ae8b0 13194       4       org.eclipse.jdt.internal.compiler.lookup.ClassScope::buildMethods (591 bytes)
Event: 2011.075 Thread 0x000002077a9d1750 13195       3       org.eclipse.jdt.internal.compiler.lookup.MethodBinding::isDefaultMethod (15 bytes)
Event: 2011.076 Thread 0x000002077a9d1750 nmethod 13195 0x0000020702023410 code [0x00000207020235c0, 0x0000020702023738]
Event: 2011.120 Thread 0x000002077a9ae8b0 nmethod 13194 0x000002070870e410 code [0x000002070870e6e0, 0x000002070870f950]
Event: 2011.121 Thread 0x000002077a9ae8b0 13197       4       org.eclipse.jdt.internal.compiler.lookup.Scope::findField (850 bytes)

GC Heap History (20 events):
Event: 2002.419 GC heap before
{Heap before GC invocations=145 (full 3):
 PSYoungGen      total 5632K, used 5206K [0x00000000d5580000, 0x00000000d5c80000, 0x0000000100000000)
  eden space 4096K, 100% used [0x00000000d5580000,0x00000000d5980000,0x00000000d5980000)
  from space 1536K, 72% used [0x00000000d5980000,0x00000000d5a95ac0,0x00000000d5b00000)
  to   space 1536K, 0% used [0x00000000d5b00000,0x00000000d5b00000,0x00000000d5c80000)
 ParOldGen       total 109056K, used 108981K [0x0000000080000000, 0x0000000086a80000, 0x00000000d5580000)
  object space 109056K, 99% used [0x0000000080000000,0x0000000086a6d748,0x0000000086a80000)
 Metaspace       used 58068K, committed 59200K, reserved 1114112K
  class space    used 5519K, committed 6080K, reserved 1048576K
}
Event: 2002.423 GC heap after
{Heap after GC invocations=145 (full 3):
 PSYoungGen      total 5632K, used 1042K [0x00000000d5580000, 0x00000000d5c80000, 0x0000000100000000)
  eden space 4096K, 0% used [0x00000000d5580000,0x00000000d5580000,0x00000000d5980000)
  from space 1536K, 67% used [0x00000000d5b00000,0x00000000d5c04938,0x00000000d5c80000)
  to   space 1536K, 0% used [0x00000000d5980000,0x00000000d5980000,0x00000000d5b00000)
 ParOldGen       total 110592K, used 110126K [0x0000000080000000, 0x0000000086c00000, 0x00000000d5580000)
  object space 110592K, 99% used [0x0000000080000000,0x0000000086b8bad0,0x0000000086c00000)
 Metaspace       used 58068K, committed 59200K, reserved 1114112K
  class space    used 5519K, committed 6080K, reserved 1048576K
}
Event: 2002.435 GC heap before
{Heap before GC invocations=146 (full 3):
 PSYoungGen      total 5632K, used 5138K [0x00000000d5580000, 0x00000000d5c80000, 0x0000000100000000)
  eden space 4096K, 100% used [0x00000000d5580000,0x00000000d5980000,0x00000000d5980000)
  from space 1536K, 67% used [0x00000000d5b00000,0x00000000d5c04938,0x00000000d5c80000)
  to   space 1536K, 0% used [0x00000000d5980000,0x00000000d5980000,0x00000000d5b00000)
 ParOldGen       total 110592K, used 110126K [0x0000000080000000, 0x0000000086c00000, 0x00000000d5580000)
  object space 110592K, 99% used [0x0000000080000000,0x0000000086b8bad0,0x0000000086c00000)
 Metaspace       used 58090K, committed 59264K, reserved 1114112K
  class space    used 5519K, committed 6080K, reserved 1048576K
}
Event: 2002.438 GC heap after
{Heap after GC invocations=146 (full 3):
 PSYoungGen      total 5632K, used 160K [0x00000000d5580000, 0x00000000d5b80000, 0x0000000100000000)
  eden space 4096K, 0% used [0x00000000d5580000,0x00000000d5580000,0x00000000d5980000)
  from space 1536K, 10% used [0x00000000d5980000,0x00000000d59a8000,0x00000000d5b00000)
  to   space 512K, 0% used [0x00000000d5b00000,0x00000000d5b00000,0x00000000d5b80000)
 ParOldGen       total 111104K, used 111099K [0x0000000080000000, 0x0000000086c80000, 0x00000000d5580000)
  object space 111104K, 99% used [0x0000000080000000,0x0000000086c7ed38,0x0000000086c80000)
 Metaspace       used 58090K, committed 59264K, reserved 1114112K
  class space    used 5519K, committed 6080K, reserved 1048576K
}
Event: 2002.446 GC heap before
{Heap before GC invocations=147 (full 3):
 PSYoungGen      total 5632K, used 4256K [0x00000000d5580000, 0x00000000d5b80000, 0x0000000100000000)
  eden space 4096K, 100% used [0x00000000d5580000,0x00000000d5980000,0x00000000d5980000)
  from space 1536K, 10% used [0x00000000d5980000,0x00000000d59a8000,0x00000000d5b00000)
  to   space 512K, 0% used [0x00000000d5b00000,0x00000000d5b00000,0x00000000d5b80000)
 ParOldGen       total 111104K, used 111099K [0x0000000080000000, 0x0000000086c80000, 0x00000000d5580000)
  object space 111104K, 99% used [0x0000000080000000,0x0000000086c7ed38,0x0000000086c80000)
 Metaspace       used 58095K, committed 59264K, reserved 1114112K
  class space    used 5519K, committed 6080K, reserved 1048576K
}
Event: 2002.447 GC heap after
{Heap after GC invocations=147 (full 3):
 PSYoungGen      total 4608K, used 192K [0x00000000d5580000, 0x00000000d5b80000, 0x0000000100000000)
  eden space 4096K, 0% used [0x00000000d5580000,0x00000000d5580000,0x00000000d5980000)
  from space 512K, 37% used [0x00000000d5b00000,0x00000000d5b30000,0x00000000d5b80000)
  to   space 512K, 0% used [0x00000000d5a80000,0x00000000d5a80000,0x00000000d5b00000)
 ParOldGen       total 111616K, used 111195K [0x0000000080000000, 0x0000000086d00000, 0x00000000d5580000)
  object space 111616K, 99% used [0x0000000080000000,0x0000000086c96d38,0x0000000086d00000)
 Metaspace       used 58095K, committed 59264K, reserved 1114112K
  class space    used 5519K, committed 6080K, reserved 1048576K
}
Event: 2002.457 GC heap before
{Heap before GC invocations=148 (full 3):
 PSYoungGen      total 4608K, used 4288K [0x00000000d5580000, 0x00000000d5b80000, 0x0000000100000000)
  eden space 4096K, 100% used [0x00000000d5580000,0x00000000d5980000,0x00000000d5980000)
  from space 512K, 37% used [0x00000000d5b00000,0x00000000d5b30000,0x00000000d5b80000)
  to   space 512K, 0% used [0x00000000d5a80000,0x00000000d5a80000,0x00000000d5b00000)
 ParOldGen       total 111616K, used 111195K [0x0000000080000000, 0x0000000086d00000, 0x00000000d5580000)
  object space 111616K, 99% used [0x0000000080000000,0x0000000086c96d38,0x0000000086d00000)
 Metaspace       used 58133K, committed 59264K, reserved 1114112K
  class space    used 5519K, committed 6080K, reserved 1048576K
}
Event: 2002.458 GC heap after
{Heap after GC invocations=148 (full 3):
 PSYoungGen      total 4608K, used 192K [0x00000000d5580000, 0x00000000d5b80000, 0x0000000100000000)
  eden space 4096K, 0% used [0x00000000d5580000,0x00000000d5580000,0x00000000d5980000)
  from space 512K, 37% used [0x00000000d5a80000,0x00000000d5ab0000,0x00000000d5b00000)
  to   space 512K, 0% used [0x00000000d5b00000,0x00000000d5b00000,0x00000000d5b80000)
 ParOldGen       total 111616K, used 111291K [0x0000000080000000, 0x0000000086d00000, 0x00000000d5580000)
  object space 111616K, 99% used [0x0000000080000000,0x0000000086caed38,0x0000000086d00000)
 Metaspace       used 58133K, committed 59264K, reserved 1114112K
  class space    used 5519K, committed 6080K, reserved 1048576K
}
Event: 2002.500 GC heap before
{Heap before GC invocations=149 (full 3):
 PSYoungGen      total 4608K, used 4288K [0x00000000d5580000, 0x00000000d5b80000, 0x0000000100000000)
  eden space 4096K, 100% used [0x00000000d5580000,0x00000000d5980000,0x00000000d5980000)
  from space 512K, 37% used [0x00000000d5a80000,0x00000000d5ab0000,0x00000000d5b00000)
  to   space 512K, 0% used [0x00000000d5b00000,0x00000000d5b00000,0x00000000d5b80000)
 ParOldGen       total 111616K, used 111291K [0x0000000080000000, 0x0000000086d00000, 0x00000000d5580000)
  object space 111616K, 99% used [0x0000000080000000,0x0000000086caed38,0x0000000086d00000)
 Metaspace       used 58174K, committed 59328K, reserved 1114112K
  class space    used 5519K, committed 6080K, reserved 1048576K
}
Event: 2002.501 GC heap after
{Heap after GC invocations=149 (full 3):
 PSYoungGen      total 4608K, used 192K [0x00000000d5580000, 0x00000000d5b80000, 0x0000000100000000)
  eden space 4096K, 0% used [0x00000000d5580000,0x00000000d5580000,0x00000000d5980000)
  from space 512K, 37% used [0x00000000d5b00000,0x00000000d5b30000,0x00000000d5b80000)
  to   space 512K, 0% used [0x00000000d5a80000,0x00000000d5a80000,0x00000000d5b00000)
 ParOldGen       total 111616K, used 111387K [0x0000000080000000, 0x0000000086d00000, 0x00000000d5580000)
  object space 111616K, 99% used [0x0000000080000000,0x0000000086cc6d38,0x0000000086d00000)
 Metaspace       used 58174K, committed 59328K, reserved 1114112K
  class space    used 5519K, committed 6080K, reserved 1048576K
}
Event: 2003.355 GC heap before
{Heap before GC invocations=150 (full 3):
 PSYoungGen      total 4608K, used 4287K [0x00000000d5580000, 0x00000000d5b80000, 0x0000000100000000)
  eden space 4096K, 99% used [0x00000000d5580000,0x00000000d597ffa0,0x00000000d5980000)
  from space 512K, 37% used [0x00000000d5b00000,0x00000000d5b30000,0x00000000d5b80000)
  to   space 512K, 0% used [0x00000000d5a80000,0x00000000d5a80000,0x00000000d5b00000)
 ParOldGen       total 111616K, used 111387K [0x0000000080000000, 0x0000000086d00000, 0x00000000d5580000)
  object space 111616K, 99% used [0x0000000080000000,0x0000000086cc6d38,0x0000000086d00000)
 Metaspace       used 58210K, committed 59328K, reserved 1114112K
  class space    used 5519K, committed 6080K, reserved 1048576K
}
Event: 2003.357 GC heap after
{Heap after GC invocations=150 (full 3):
 PSYoungGen      total 4608K, used 288K [0x00000000d5580000, 0x00000000d5b80000, 0x0000000100000000)
  eden space 4096K, 0% used [0x00000000d5580000,0x00000000d5580000,0x00000000d5980000)
  from space 512K, 56% used [0x00000000d5a80000,0x00000000d5ac8000,0x00000000d5b00000)
  to   space 512K, 0% used [0x00000000d5b00000,0x00000000d5b00000,0x00000000d5b80000)
 ParOldGen       total 111616K, used 111491K [0x0000000080000000, 0x0000000086d00000, 0x00000000d5580000)
  object space 111616K, 99% used [0x0000000080000000,0x0000000086ce0d38,0x0000000086d00000)
 Metaspace       used 58210K, committed 59328K, reserved 1114112K
  class space    used 5519K, committed 6080K, reserved 1048576K
}
Event: 2005.219 GC heap before
{Heap before GC invocations=151 (full 3):
 PSYoungGen      total 4608K, used 4384K [0x00000000d5580000, 0x00000000d5b80000, 0x0000000100000000)
  eden space 4096K, 100% used [0x00000000d5580000,0x00000000d5980000,0x00000000d5980000)
  from space 512K, 56% used [0x00000000d5a80000,0x00000000d5ac8000,0x00000000d5b00000)
  to   space 512K, 0% used [0x00000000d5b00000,0x00000000d5b00000,0x00000000d5b80000)
 ParOldGen       total 111616K, used 111491K [0x0000000080000000, 0x0000000086d00000, 0x00000000d5580000)
  object space 111616K, 99% used [0x0000000080000000,0x0000000086ce0d38,0x0000000086d00000)
 Metaspace       used 58211K, committed 59328K, reserved 1114112K
  class space    used 5519K, committed 6080K, reserved 1048576K
}
Event: 2005.221 GC heap after
{Heap after GC invocations=151 (full 3):
 PSYoungGen      total 4608K, used 192K [0x00000000d5580000, 0x00000000d5b80000, 0x0000000100000000)
  eden space 4096K, 0% used [0x00000000d5580000,0x00000000d5580000,0x00000000d5980000)
  from space 512K, 37% used [0x00000000d5b00000,0x00000000d5b30000,0x00000000d5b80000)
  to   space 512K, 0% used [0x00000000d5a80000,0x00000000d5a80000,0x00000000d5b00000)
 ParOldGen       total 111616K, used 111539K [0x0000000080000000, 0x0000000086d00000, 0x00000000d5580000)
  object space 111616K, 99% used [0x0000000080000000,0x0000000086cecd38,0x0000000086d00000)
 Metaspace       used 58211K, committed 59328K, reserved 1114112K
  class space    used 5519K, committed 6080K, reserved 1048576K
}
Event: 2008.959 GC heap before
{Heap before GC invocations=152 (full 3):
 PSYoungGen      total 4608K, used 4288K [0x00000000d5580000, 0x00000000d5b80000, 0x0000000100000000)
  eden space 4096K, 100% used [0x00000000d5580000,0x00000000d5980000,0x00000000d5980000)
  from space 512K, 37% used [0x00000000d5b00000,0x00000000d5b30000,0x00000000d5b80000)
  to   space 512K, 0% used [0x00000000d5a80000,0x00000000d5a80000,0x00000000d5b00000)
 ParOldGen       total 111616K, used 111539K [0x0000000080000000, 0x0000000086d00000, 0x00000000d5580000)
  object space 111616K, 99% used [0x0000000080000000,0x0000000086cecd38,0x0000000086d00000)
 Metaspace       used 58233K, committed 59392K, reserved 1114112K
  class space    used 5519K, committed 6080K, reserved 1048576K
}
Event: 2008.960 GC heap after
{Heap after GC invocations=152 (full 3):
 PSYoungGen      total 4608K, used 128K [0x00000000d5580000, 0x00000000d5b80000, 0x0000000100000000)
  eden space 4096K, 0% used [0x00000000d5580000,0x00000000d5580000,0x00000000d5980000)
  from space 512K, 25% used [0x00000000d5a80000,0x00000000d5aa0000,0x00000000d5b00000)
  to   space 512K, 0% used [0x00000000d5b00000,0x00000000d5b00000,0x00000000d5b80000)
 ParOldGen       total 111616K, used 111563K [0x0000000080000000, 0x0000000086d00000, 0x00000000d5580000)
  object space 111616K, 99% used [0x0000000080000000,0x0000000086cf2d38,0x0000000086d00000)
 Metaspace       used 58233K, committed 59392K, reserved 1114112K
  class space    used 5519K, committed 6080K, reserved 1048576K
}
Event: 2010.090 GC heap before
{Heap before GC invocations=153 (full 3):
 PSYoungGen      total 4608K, used 4224K [0x00000000d5580000, 0x00000000d5b80000, 0x0000000100000000)
  eden space 4096K, 100% used [0x00000000d5580000,0x00000000d5980000,0x00000000d5980000)
  from space 512K, 25% used [0x00000000d5a80000,0x00000000d5aa0000,0x00000000d5b00000)
  to   space 512K, 0% used [0x00000000d5b00000,0x00000000d5b00000,0x00000000d5b80000)
 ParOldGen       total 111616K, used 111563K [0x0000000080000000, 0x0000000086d00000, 0x00000000d5580000)
  object space 111616K, 99% used [0x0000000080000000,0x0000000086cf2d38,0x0000000086d00000)
 Metaspace       used 58247K, committed 59456K, reserved 1114112K
  class space    used 5519K, committed 6080K, reserved 1048576K
}
Event: 2010.092 GC heap after
{Heap after GC invocations=153 (full 3):
 PSYoungGen      total 4608K, used 384K [0x00000000d5580000, 0x00000000d5b80000, 0x0000000100000000)
  eden space 4096K, 0% used [0x00000000d5580000,0x00000000d5580000,0x00000000d5980000)
  from space 512K, 75% used [0x00000000d5b00000,0x00000000d5b60000,0x00000000d5b80000)
  to   space 512K, 0% used [0x00000000d5a80000,0x00000000d5a80000,0x00000000d5b00000)
 ParOldGen       total 111616K, used 111587K [0x0000000080000000, 0x0000000086d00000, 0x00000000d5580000)
  object space 111616K, 99% used [0x0000000080000000,0x0000000086cf8d38,0x0000000086d00000)
 Metaspace       used 58247K, committed 59456K, reserved 1114112K
  class space    used 5519K, committed 6080K, reserved 1048576K
}
Event: 2011.009 GC heap before
{Heap before GC invocations=154 (full 3):
 PSYoungGen      total 4608K, used 4480K [0x00000000d5580000, 0x00000000d5b80000, 0x0000000100000000)
  eden space 4096K, 100% used [0x00000000d5580000,0x00000000d5980000,0x00000000d5980000)
  from space 512K, 75% used [0x00000000d5b00000,0x00000000d5b60000,0x00000000d5b80000)
  to   space 512K, 0% used [0x00000000d5a80000,0x00000000d5a80000,0x00000000d5b00000)
 ParOldGen       total 111616K, used 111587K [0x0000000080000000, 0x0000000086d00000, 0x00000000d5580000)
  object space 111616K, 99% used [0x0000000080000000,0x0000000086cf8d38,0x0000000086d00000)
 Metaspace       used 58248K, committed 59456K, reserved 1114112K
  class space    used 5519K, committed 6080K, reserved 1048576K
}
Event: 2011.013 GC heap after
{Heap after GC invocations=154 (full 3):
 PSYoungGen      total 4608K, used 496K [0x00000000d5580000, 0x00000000d5b80000, 0x0000000100000000)
  eden space 4096K, 0% used [0x00000000d5580000,0x00000000d5580000,0x00000000d5980000)
  from space 512K, 96% used [0x00000000d5a80000,0x00000000d5afc010,0x00000000d5b00000)
  to   space 512K, 0% used [0x00000000d5b00000,0x00000000d5b00000,0x00000000d5b80000)
 ParOldGen       total 112128K, used 111659K [0x0000000080000000, 0x0000000086d80000, 0x00000000d5580000)
  object space 112128K, 99% used [0x0000000080000000,0x0000000086d0ad38,0x0000000086d80000)
 Metaspace       used 58248K, committed 59456K, reserved 1114112K
  class space    used 5519K, committed 6080K, reserved 1048576K
}

Dll operation events (12 events):
Event: 0.024 Loaded shared library c:\Users\H\.vscode\extensions\redhat.java-1.43.1-win32-x64\jre\21.0.7-win32-x86_64\bin\java.dll
Event: 0.249 Loaded shared library c:\Users\H\.vscode\extensions\redhat.java-1.43.1-win32-x64\jre\21.0.7-win32-x86_64\bin\zip.dll
Event: 0.324 Loaded shared library C:\Users\H\.vscode\extensions\redhat.java-1.43.1-win32-x64\jre\21.0.7-win32-x86_64\bin\instrument.dll
Event: 0.335 Loaded shared library C:\Users\H\.vscode\extensions\redhat.java-1.43.1-win32-x64\jre\21.0.7-win32-x86_64\bin\net.dll
Event: 0.342 Loaded shared library C:\Users\H\.vscode\extensions\redhat.java-1.43.1-win32-x64\jre\21.0.7-win32-x86_64\bin\nio.dll
Event: 0.348 Loaded shared library C:\Users\H\.vscode\extensions\redhat.java-1.43.1-win32-x64\jre\21.0.7-win32-x86_64\bin\zip.dll
Event: 0.389 Loaded shared library C:\Users\H\.vscode\extensions\redhat.java-1.43.1-win32-x64\jre\21.0.7-win32-x86_64\bin\jimage.dll
Event: 0.676 Loaded shared library c:\Users\H\.vscode\extensions\redhat.java-1.43.1-win32-x64\jre\21.0.7-win32-x86_64\bin\verify.dll
Event: 6.590 Loaded shared library C:\Users\H\AppData\Roaming\Code\User\globalStorage\redhat.java\1.43.1\config_ss_win\org.eclipse.equinox.launcher\org.eclipse.equinox.launcher.win32.win32.x86_64_1.2.1300.v20250331-1702\eclipse_11911.dll
Event: 24.794 Loaded shared library C:\Users\H\AppData\Local\Temp\jna-72\jna13999974123906967811.dll
Event: 1704.384 Loaded shared library C:\Users\H\.vscode\extensions\redhat.java-1.43.1-win32-x64\jre\21.0.7-win32-x86_64\bin\sunmscapi.dll
Event: 1707.631 Loaded shared library C:\Users\H\.vscode\extensions\redhat.java-1.43.1-win32-x64\jre\21.0.7-win32-x86_64\bin\extnet.dll

Deoptimization events (20 events):
Event: 1987.429 Thread 0x000002077f800ed0 DEOPT PACKING pc=0x00000207010bfd1c sp=0x0000001b872fe100
Event: 1987.430 Thread 0x000002077f800ed0 DEOPT UNPACKING pc=0x0000020707584242 sp=0x0000001b872fd540 mode 0
Event: 1995.408 Thread 0x000002077f8049e0 Uncommon trap: trap_request=0xffffffde fr.pc=0x00000207080afd98 relative=0x0000000000000078
Event: 1995.408 Thread 0x000002077f8049e0 Uncommon trap: reason=class_check action=maybe_recompile pc=0x00000207080afd98 method=java.util.LinkedHashMap.afterNodeInsertion(Z)V @ 15 c2
Event: 1995.408 Thread 0x000002077f8049e0 DEOPT PACKING pc=0x00000207080afd98 sp=0x0000001b873fdfe0
Event: 1995.409 Thread 0x000002077f8049e0 DEOPT UNPACKING pc=0x0000020707583aa2 sp=0x0000001b873fdf58 mode 2
Event: 2001.069 Thread 0x000002077f8049e0 Uncommon trap: trap_request=0xffffff45 fr.pc=0x00000207082cb4b4 relative=0x0000000000001074
Event: 2001.069 Thread 0x000002077f8049e0 Uncommon trap: reason=unstable_if action=reinterpret pc=0x00000207082cb4b4 method=org.eclipse.jdt.internal.compiler.classfmt.FieldInfo.createField([B[IIJ)Lorg/eclipse/jdt/internal/compiler/classfmt/FieldInfo; @ 167 c2
Event: 2001.069 Thread 0x000002077f8049e0 DEOPT PACKING pc=0x00000207082cb4b4 sp=0x0000001b873fd530
Event: 2001.069 Thread 0x000002077f8049e0 DEOPT UNPACKING pc=0x0000020707583aa2 sp=0x0000001b873fd4b8 mode 2
Event: 2002.655 Thread 0x000002077f803cc0 Uncommon trap: trap_request=0xffffff6e fr.pc=0x00000207086b86ac relative=0x00000000000006ec
Event: 2002.655 Thread 0x000002077f803cc0 Uncommon trap: reason=loop_limit_check action=maybe_recompile pc=0x00000207086b86ac method=org.eclipse.jdt.internal.compiler.util.HashtableOfObjectToInt.rehash()V @ 50 c2
Event: 2002.655 Thread 0x000002077f803cc0 DEOPT PACKING pc=0x00000207086b86ac sp=0x0000001b84dfe680
Event: 2002.655 Thread 0x000002077f803cc0 DEOPT UNPACKING pc=0x0000020707583aa2 sp=0x0000001b84dfe630 mode 2
Event: 2007.246 Thread 0x000002077f802910 DEOPT PACKING pc=0x0000020701ccbb56 sp=0x0000001b84cfe150
Event: 2007.246 Thread 0x000002077f802910 DEOPT UNPACKING pc=0x0000020707584242 sp=0x0000001b84cfd660 mode 0
Event: 2009.963 Thread 0x000002077f8049e0 Uncommon trap: trap_request=0xffffff45 fr.pc=0x0000020708638394 relative=0x00000000000004d4
Event: 2009.963 Thread 0x000002077f8049e0 Uncommon trap: reason=unstable_if action=reinterpret pc=0x0000020708638394 method=org.eclipse.jdt.internal.codeassist.impl.AssistParser.recoveryTokenCheck()V @ 128 c2
Event: 2009.963 Thread 0x000002077f8049e0 DEOPT PACKING pc=0x0000020708638394 sp=0x0000001b873fe060
Event: 2009.963 Thread 0x000002077f8049e0 DEOPT UNPACKING pc=0x0000020707583aa2 sp=0x0000001b873fe000 mode 2

Classes loaded (20 events):
Event: 1786.608 Loading class java/util/stream/Nodes$CollectorTask$OfRef
Event: 1786.619 Loading class java/util/stream/Nodes$CollectorTask
Event: 1786.650 Loading class java/util/stream/Nodes$CollectorTask done
Event: 1786.650 Loading class java/util/stream/Nodes$CollectorTask$OfRef done
Event: 1786.657 Loading class java/util/function/LongFunction
Event: 1786.662 Loading class java/util/function/LongFunction done
Event: 1786.684 Loading class java/util/stream/Nodes$ConcNode
Event: 1786.699 Loading class java/util/stream/Nodes$AbstractConcNode
Event: 1786.751 Loading class java/util/stream/Nodes$AbstractConcNode done
Event: 1786.751 Loading class java/util/stream/Nodes$ConcNode done
Event: 1786.779 Loading class java/util/stream/Nodes$ToArrayTask$OfRef
Event: 1786.785 Loading class java/util/stream/Nodes$ToArrayTask
Event: 1786.790 Loading class java/util/stream/Nodes$ToArrayTask done
Event: 1786.791 Loading class java/util/stream/Nodes$ToArrayTask$OfRef done
Event: 1900.892 Loading class java/lang/Throwable$WrappedPrintWriter
Event: 1900.948 Loading class java/lang/Throwable$PrintStreamOrWriter
Event: 1900.970 Loading class java/lang/Throwable$PrintStreamOrWriter done
Event: 1900.970 Loading class java/lang/Throwable$WrappedPrintWriter done
Event: 1977.621 Loading class java/util/concurrent/ConcurrentHashMap$KeySpliterator
Event: 1977.650 Loading class java/util/concurrent/ConcurrentHashMap$KeySpliterator done

Classes unloaded (20 events):
Event: 40.623 Thread 0x000002077ab6df80 Unloading class 0x0000020714383400 'java/lang/invoke/LambdaForm$MH+0x0000020714383400'
Event: 40.623 Thread 0x000002077ab6df80 Unloading class 0x0000020714382800 'java/lang/invoke/LambdaForm$MH+0x0000020714382800'
Event: 40.623 Thread 0x000002077ab6df80 Unloading class 0x0000020714382400 'java/lang/invoke/LambdaForm$MH+0x0000020714382400'
Event: 40.623 Thread 0x000002077ab6df80 Unloading class 0x0000020714382000 'java/lang/invoke/LambdaForm$MH+0x0000020714382000'
Event: 40.623 Thread 0x000002077ab6df80 Unloading class 0x0000020714381c00 'java/lang/invoke/LambdaForm$MH+0x0000020714381c00'
Event: 40.623 Thread 0x000002077ab6df80 Unloading class 0x0000020714381800 'java/lang/invoke/LambdaForm$MH+0x0000020714381800'
Event: 40.623 Thread 0x000002077ab6df80 Unloading class 0x0000020714381400 'java/lang/invoke/LambdaForm$MH+0x0000020714381400'
Event: 40.623 Thread 0x000002077ab6df80 Unloading class 0x0000020714380c00 'java/lang/invoke/LambdaForm$DMH+0x0000020714380c00'
Event: 40.623 Thread 0x000002077ab6df80 Unloading class 0x0000020714380800 'java/lang/invoke/LambdaForm$DMH+0x0000020714380800'
Event: 40.623 Thread 0x000002077ab6df80 Unloading class 0x0000020714380400 'java/lang/invoke/LambdaForm$DMH+0x0000020714380400'
Event: 1870.076 Thread 0x000002077ab6df80 Unloading class 0x0000020714464800 'java/lang/invoke/LambdaForm$MH+0x0000020714464800'
Event: 1870.077 Thread 0x000002077ab6df80 Unloading class 0x0000020714464400 'java/lang/invoke/LambdaForm$MH+0x0000020714464400'
Event: 1870.077 Thread 0x000002077ab6df80 Unloading class 0x0000020714428000 'java/lang/invoke/LambdaForm$DMH+0x0000020714428000'
Event: 1870.078 Thread 0x000002077ab6df80 Unloading class 0x0000020714416400 'java/lang/invoke/LambdaForm$MH+0x0000020714416400'
Event: 1870.078 Thread 0x000002077ab6df80 Unloading class 0x0000020714415c00 'java/lang/invoke/LambdaForm$MH+0x0000020714415c00'
Event: 1870.078 Thread 0x000002077ab6df80 Unloading class 0x0000020714415800 'java/lang/invoke/LambdaForm$MH+0x0000020714415800'
Event: 1870.078 Thread 0x000002077ab6df80 Unloading class 0x0000020714415400 'java/lang/invoke/LambdaForm$MH+0x0000020714415400'
Event: 1870.079 Thread 0x000002077ab6df80 Unloading class 0x0000020714414c00 'java/lang/invoke/LambdaForm$MH+0x0000020714414c00'
Event: 1870.079 Thread 0x000002077ab6df80 Unloading class 0x0000020714414800 'java/lang/invoke/LambdaForm$MH+0x0000020714414800'
Event: 1870.079 Thread 0x000002077ab6df80 Unloading class 0x0000020714414400 'java/lang/invoke/LambdaForm$MH+0x0000020714414400'

Classes redefined (0 events):
No events

Internal exceptions (20 events):
Event: 1917.837 Thread 0x000002077f8049e0 Exception <a 'java/lang/ArrayIndexOutOfBoundsException'{0x00000000d569c440}> (0x00000000d569c440) 
thrown [s\src\hotspot\share\runtime\sharedRuntime.cpp, line 625]
Event: 1919.588 Thread 0x000002077f8049e0 Exception <a 'java/lang/ArrayIndexOutOfBoundsException'{0x00000000d5704f48}> (0x00000000d5704f48) 
thrown [s\src\hotspot\share\runtime\sharedRuntime.cpp, line 625]
Event: 1919.589 Thread 0x000002077f8049e0 Exception <a 'java/lang/ArrayIndexOutOfBoundsException'{0x00000000d5706230}> (0x00000000d5706230) 
thrown [s\src\hotspot\share\runtime\sharedRuntime.cpp, line 625]
Event: 1919.589 Thread 0x000002077f8049e0 Exception <a 'java/lang/ArrayIndexOutOfBoundsException'{0x00000000d5706558}> (0x00000000d5706558) 
thrown [s\src\hotspot\share\runtime\sharedRuntime.cpp, line 625]
Event: 1929.283 Thread 0x000002077f8049e0 Implicit null exception at 0x0000020708003b16 to 0x0000020708003fac
Event: 1948.542 Thread 0x000002077f8049e0 Exception <a 'java/lang/ArrayIndexOutOfBoundsException'{0x00000000d59e6050}> (0x00000000d59e6050) 
thrown [s\src\hotspot\share\runtime\sharedRuntime.cpp, line 625]
Event: 1948.542 Thread 0x000002077f8049e0 Exception <a 'java/lang/ArrayIndexOutOfBoundsException'{0x00000000d59e63c0}> (0x00000000d59e63c0) 
thrown [s\src\hotspot\share\runtime\sharedRuntime.cpp, line 625]
Event: 1948.543 Thread 0x000002077f8049e0 Exception <a 'java/lang/ArrayIndexOutOfBoundsException'{0x00000000d59e6730}> (0x00000000d59e6730) 
thrown [s\src\hotspot\share\runtime\sharedRuntime.cpp, line 625]
Event: 1976.484 Thread 0x000002077f803cc0 Exception <a 'java/lang/NoSuchMethodError'{0x00000000d5697ac0}: 'int java.lang.invoke.DirectMethodHandle$Holder.invokeStatic(java.lang.Object)'> (0x00000000d5697ac0) 
thrown [s\src\hotspot\share\interpreter\linkResolver.cpp, line 773]
Event: 1976.994 Thread 0x000002077f803cc0 Exception <a 'sun/nio/fs/WindowsException'{0x00000000d5756558}> (0x00000000d5756558) 
thrown [s\src\hotspot\share\prims\jni.cpp, line 520]
Event: 1977.044 Thread 0x000002077f803cc0 Exception <a 'sun/nio/fs/WindowsException'{0x00000000d57bc420}> (0x00000000d57bc420) 
thrown [s\src\hotspot\share\prims\jni.cpp, line 520]
Event: 1977.063 Thread 0x000002077f803cc0 Exception <a 'sun/nio/fs/WindowsException'{0x00000000d57ca430}> (0x00000000d57ca430) 
thrown [s\src\hotspot\share\prims\jni.cpp, line 520]
Event: 1977.070 Thread 0x000002077f803cc0 Exception <a 'sun/nio/fs/WindowsException'{0x00000000d57d5d40}> (0x00000000d57d5d40) 
thrown [s\src\hotspot\share\prims\jni.cpp, line 520]
Event: 1977.078 Thread 0x000002077f803cc0 Exception <a 'sun/nio/fs/WindowsException'{0x00000000d57dd998}> (0x00000000d57dd998) 
thrown [s\src\hotspot\share\prims\jni.cpp, line 520]
Event: 1977.087 Thread 0x000002077f803cc0 Exception <a 'sun/nio/fs/WindowsException'{0x00000000d57e8370}> (0x00000000d57e8370) 
thrown [s\src\hotspot\share\prims\jni.cpp, line 520]
Event: 1977.097 Thread 0x000002077f803cc0 Exception <a 'sun/nio/fs/WindowsException'{0x00000000d57f2a98}> (0x00000000d57f2a98) 
thrown [s\src\hotspot\share\prims\jni.cpp, line 520]
Event: 1977.103 Thread 0x000002077f803cc0 Exception <a 'sun/nio/fs/WindowsException'{0x00000000d57fad88}> (0x00000000d57fad88) 
thrown [s\src\hotspot\share\prims\jni.cpp, line 520]
Event: 1977.687 Thread 0x000002077f803cc0 Exception <a 'java/lang/NoSuchMethodError'{0x00000000d568ed68}: 'java.lang.Object java.lang.invoke.DirectMethodHandle$Holder.newInvokeSpecial(java.lang.Object, java.lang.Object, int, int, java.lang.Object)'> (0x00000000d568ed68) 
thrown [s\src\hotspot\share\interpreter\linkResolver.cpp, line 773]
Event: 1977.920 Thread 0x000002077f803cc0 Exception <a 'sun/nio/fs/WindowsException'{0x00000000d57f2e10}> (0x00000000d57f2e10) 
thrown [s\src\hotspot\share\prims\jni.cpp, line 520]
Event: 1977.921 Thread 0x000002077f803cc0 Exception <a 'sun/nio/fs/WindowsException'{0x00000000d57f3440}> (0x00000000d57f3440) 
thrown [s\src\hotspot\share\prims\jni.cpp, line 520]

ZGC Phase Switch (0 events):
No events

VM Operations (20 events):
Event: 2002.457 Executing VM operation: ParallelGCFailedAllocation (Allocation Failure)
Event: 2002.458 Executing VM operation: ParallelGCFailedAllocation (Allocation Failure) done
Event: 2002.500 Executing VM operation: ParallelGCFailedAllocation (Allocation Failure)
Event: 2002.501 Executing VM operation: ParallelGCFailedAllocation (Allocation Failure) done
Event: 2003.354 Executing VM operation: ParallelGCFailedAllocation (Allocation Failure)
Event: 2003.357 Executing VM operation: ParallelGCFailedAllocation (Allocation Failure) done
Event: 2005.219 Executing VM operation: ParallelGCFailedAllocation (Allocation Failure)
Event: 2005.221 Executing VM operation: ParallelGCFailedAllocation (Allocation Failure) done
Event: 2006.223 Executing VM operation: Cleanup
Event: 2006.223 Executing VM operation: Cleanup done
Event: 2008.235 Executing VM operation: Cleanup
Event: 2008.235 Executing VM operation: Cleanup done
Event: 2008.959 Executing VM operation: ParallelGCFailedAllocation (Allocation Failure)
Event: 2008.960 Executing VM operation: ParallelGCFailedAllocation (Allocation Failure) done
Event: 2009.975 Executing VM operation: Cleanup
Event: 2009.976 Executing VM operation: Cleanup done
Event: 2010.090 Executing VM operation: ParallelGCFailedAllocation (Allocation Failure)
Event: 2010.092 Executing VM operation: ParallelGCFailedAllocation (Allocation Failure) done
Event: 2010.997 Executing VM operation: ParallelGCFailedAllocation (Allocation Failure)
Event: 2011.013 Executing VM operation: ParallelGCFailedAllocation (Allocation Failure) done

Memory protections (0 events):
No events

Nmethod flushes (20 events):
Event: 1870.893 Thread 0x000002077ab6df80 flushing  nmethod 0x000002070081b910
Event: 1870.893 Thread 0x000002077ab6df80 flushing  nmethod 0x000002070081c090
Event: 1870.893 Thread 0x000002077ab6df80 flushing  nmethod 0x000002070081c810
Event: 1870.893 Thread 0x000002077ab6df80 flushing  nmethod 0x000002070081d010
Event: 1870.893 Thread 0x000002077ab6df80 flushing  nmethod 0x000002070081d390
Event: 1870.893 Thread 0x000002077ab6df80 flushing  nmethod 0x000002070081d910
Event: 1870.893 Thread 0x000002077ab6df80 flushing osr nmethod 0x000002070081f290
Event: 1870.894 Thread 0x000002077ab6df80 flushing  nmethod 0x0000020700821410
Event: 1870.894 Thread 0x000002077ab6df80 flushing  nmethod 0x000002070082c790
Event: 1870.894 Thread 0x000002077ab6df80 flushing osr nmethod 0x000002070082ec90
Event: 1870.894 Thread 0x000002077ab6df80 flushing  nmethod 0x0000020700832e90
Event: 1870.894 Thread 0x000002077ab6df80 flushing  nmethod 0x000002070083bf90
Event: 1870.894 Thread 0x000002077ab6df80 flushing osr nmethod 0x0000020700890a90
Event: 1870.894 Thread 0x000002077ab6df80 flushing osr nmethod 0x00000207008b4010
Event: 1870.894 Thread 0x000002077ab6df80 flushing  nmethod 0x00000207008b8390
Event: 1870.895 Thread 0x000002077ab6df80 flushing  nmethod 0x00000207008c1b10
Event: 1870.895 Thread 0x000002077ab6df80 flushing  nmethod 0x00000207008c2490
Event: 1870.895 Thread 0x000002077ab6df80 flushing  nmethod 0x00000207008c3710
Event: 1870.895 Thread 0x000002077ab6df80 flushing  nmethod 0x00000207008c4c90
Event: 1870.895 Thread 0x000002077ab6df80 flushing  nmethod 0x000002070090a690

Events (20 events):
Event: 1711.994 Thread 0x000002077f8049e0 Thread added: 0x000002077f806420
Event: 1711.999 Thread 0x000002077f806420 Thread exited: 0x000002077f806420
Event: 1712.102 Thread 0x000002077f800ed0 Thread added: 0x000002077f801560
Event: 1712.104 Thread 0x000002077f801560 Thread exited: 0x000002077f801560
Event: 1712.120 Thread 0x000002077f805d90 Thread added: 0x000002077f803630
Event: 1717.486 Thread 0x000002077f805d90 Thread exited: 0x000002077f805d90
Event: 1727.685 Thread 0x000002077f803630 Thread exited: 0x000002077f803630
Event: 1786.565 Thread 0x000002077f803cc0 Thread added: 0x000002077f805d90
Event: 1786.768 Thread 0x000002077f805d90 Thread added: 0x000002077f802910
Event: 1786.795 Thread 0x000002077f805d90 Thread exited: 0x000002077f805d90
Event: 1786.842 Thread 0x000002077f802910 Thread exited: 0x000002077f802910
Event: 1787.232 Thread 0x000002077f805700 Thread exited: 0x000002077f805700
Event: 1802.479 Thread 0x000002077f803cc0 Thread added: 0x000002077f802910
Event: 1802.664 Thread 0x000002077f805070 Thread added: 0x000002077f805700
Event: 1975.457 Thread 0x000002077f805070 Thread added: 0x000002077f805d90
Event: 1977.017 Thread 0x000002077f803cc0 Thread added: 0x000002077f806420
Event: 1977.045 Thread 0x000002077f806420 Thread added: 0x000002077f801bf0
Event: 1977.079 Thread 0x000002077f801bf0 Thread added: 0x000002077f802fa0
Event: 1977.701 Thread 0x000002077f803cc0 Thread added: 0x000002077f7ffb20
Event: 1977.800 Thread 0x000002077f803cc0 Thread added: 0x000002077f807140


Dynamic libraries:
0x00007ff699a60000 - 0x00007ff699a6e000 	c:\Users\H\.vscode\extensions\redhat.java-1.43.1-win32-x64\jre\21.0.7-win32-x86_64\bin\java.exe
0x00007ffc28970000 - 0x00007ffc28b87000 	C:\WINDOWS\SYSTEM32\ntdll.dll
0x00007ffc27b60000 - 0x00007ffc27c24000 	C:\WINDOWS\System32\KERNEL32.DLL
0x00007ffc25e70000 - 0x00007ffc26242000 	C:\WINDOWS\System32\KERNELBASE.dll
0x00007ffc264e0000 - 0x00007ffc265f1000 	C:\WINDOWS\System32\ucrtbase.dll
0x00007ffc0e110000 - 0x00007ffc0e128000 	c:\Users\H\.vscode\extensions\redhat.java-1.43.1-win32-x64\jre\21.0.7-win32-x86_64\bin\jli.dll
0x00007ffc26810000 - 0x00007ffc269c1000 	C:\WINDOWS\System32\USER32.dll
0x00007ffc25a60000 - 0x00007ffc25a86000 	C:\WINDOWS\System32\win32u.dll
0x00007ffc28130000 - 0x00007ffc28159000 	C:\WINDOWS\System32\GDI32.dll
0x00007ffc262f0000 - 0x00007ffc26413000 	C:\WINDOWS\System32\gdi32full.dll
0x00007ffc26250000 - 0x00007ffc262ea000 	C:\WINDOWS\System32\msvcp_win.dll
0x00007ffc10130000 - 0x00007ffc103cb000 	C:\WINDOWS\WinSxS\amd64_microsoft.windows.common-controls_6595b64144ccf1df_6.0.22621.5547_none_27104afb73855772\COMCTL32.dll
0x00007ffc27700000 - 0x00007ffc277a7000 	C:\WINDOWS\System32\msvcrt.dll
0x00007ffbf9ad0000 - 0x00007ffbf9aee000 	c:\Users\H\.vscode\extensions\redhat.java-1.43.1-win32-x64\jre\21.0.7-win32-x86_64\bin\VCRUNTIME140.dll
0x00007ffc267d0000 - 0x00007ffc26801000 	C:\WINDOWS\System32\IMM32.DLL
0x00007ffc21e30000 - 0x00007ffc21e3c000 	c:\Users\H\.vscode\extensions\redhat.java-1.43.1-win32-x64\jre\21.0.7-win32-x86_64\bin\vcruntime140_1.dll
0x00007ffbdc490000 - 0x00007ffbdc51d000 	c:\Users\H\.vscode\extensions\redhat.java-1.43.1-win32-x64\jre\21.0.7-win32-x86_64\bin\msvcp140.dll
0x00007ffba5ff0000 - 0x00007ffba6d80000 	c:\Users\H\.vscode\extensions\redhat.java-1.43.1-win32-x64\jre\21.0.7-win32-x86_64\bin\server\jvm.dll
0x00007ffc28640000 - 0x00007ffc286f1000 	C:\WINDOWS\System32\ADVAPI32.dll
0x00007ffc27930000 - 0x00007ffc279d8000 	C:\WINDOWS\System32\sechost.dll
0x00007ffc25dc0000 - 0x00007ffc25de8000 	C:\WINDOWS\System32\bcrypt.dll
0x00007ffc28170000 - 0x00007ffc28284000 	C:\WINDOWS\System32\RPCRT4.dll
0x00007ffc27ca0000 - 0x00007ffc27d11000 	C:\WINDOWS\System32\WS2_32.dll
0x00007ffc248a0000 - 0x00007ffc248ed000 	C:\WINDOWS\SYSTEM32\POWRPROF.dll
0x00007ffc21eb0000 - 0x00007ffc21ee4000 	C:\WINDOWS\SYSTEM32\WINMM.dll
0x00007ffc1ec80000 - 0x00007ffc1ec8a000 	C:\WINDOWS\SYSTEM32\VERSION.dll
0x00007ffc24880000 - 0x00007ffc24893000 	C:\WINDOWS\SYSTEM32\UMPDC.dll
0x00007ffc24ae0000 - 0x00007ffc24af8000 	C:\WINDOWS\SYSTEM32\kernel.appcore.dll
0x00007ffc21da0000 - 0x00007ffc21daa000 	c:\Users\H\.vscode\extensions\redhat.java-1.43.1-win32-x64\jre\21.0.7-win32-x86_64\bin\jimage.dll
0x00007ffc1f220000 - 0x00007ffc1f453000 	C:\WINDOWS\SYSTEM32\DBGHELP.DLL
0x00007ffc27d30000 - 0x00007ffc280c3000 	C:\WINDOWS\System32\combase.dll
0x00007ffc27850000 - 0x00007ffc27927000 	C:\WINDOWS\System32\OLEAUT32.dll
0x00007ffc09680000 - 0x00007ffc096b2000 	C:\WINDOWS\SYSTEM32\dbgcore.DLL
0x00007ffc25a90000 - 0x00007ffc25b0b000 	C:\WINDOWS\System32\bcryptPrimitives.dll
0x00007ffc21b20000 - 0x00007ffc21b2f000 	c:\Users\H\.vscode\extensions\redhat.java-1.43.1-win32-x64\jre\21.0.7-win32-x86_64\bin\instrument.dll
0x00007ffbf8eb0000 - 0x00007ffbf8ecf000 	c:\Users\H\.vscode\extensions\redhat.java-1.43.1-win32-x64\jre\21.0.7-win32-x86_64\bin\java.dll
0x00007ffc26e50000 - 0x00007ffc276f2000 	C:\WINDOWS\System32\SHELL32.dll
0x00007ffc25b10000 - 0x00007ffc25c4f000 	C:\WINDOWS\System32\wintypes.dll
0x00007ffc23940000 - 0x00007ffc2425d000 	C:\WINDOWS\SYSTEM32\windows.storage.dll
0x00007ffc28480000 - 0x00007ffc2858c000 	C:\WINDOWS\System32\SHCORE.dll
0x00007ffc27c30000 - 0x00007ffc27c99000 	C:\WINDOWS\System32\shlwapi.dll
0x00007ffc25990000 - 0x00007ffc259bb000 	C:\WINDOWS\SYSTEM32\profapi.dll
0x00007ffbf79d0000 - 0x00007ffbf79e8000 	c:\Users\H\.vscode\extensions\redhat.java-1.43.1-win32-x64\jre\21.0.7-win32-x86_64\bin\zip.dll
0x00007ffc1a1d0000 - 0x00007ffc1a1e0000 	C:\Users\H\.vscode\extensions\redhat.java-1.43.1-win32-x64\jre\21.0.7-win32-x86_64\bin\net.dll
0x00007ffc1e670000 - 0x00007ffc1e79c000 	C:\WINDOWS\SYSTEM32\WINHTTP.dll
0x00007ffc24fc0000 - 0x00007ffc25029000 	C:\WINDOWS\system32\mswsock.dll
0x00007ffbf4090000 - 0x00007ffbf40a6000 	C:\Users\H\.vscode\extensions\redhat.java-1.43.1-win32-x64\jre\21.0.7-win32-x86_64\bin\nio.dll
0x00007ffc1a0a0000 - 0x00007ffc1a0b0000 	c:\Users\H\.vscode\extensions\redhat.java-1.43.1-win32-x64\jre\21.0.7-win32-x86_64\bin\verify.dll
0x00007ffbef2e0000 - 0x00007ffbef325000 	C:\Users\H\AppData\Roaming\Code\User\globalStorage\redhat.java\1.43.1\config_ss_win\org.eclipse.equinox.launcher\org.eclipse.equinox.launcher.win32.win32.x86_64_1.2.1300.v20250331-1702\eclipse_11911.dll
0x00007ffc282e0000 - 0x00007ffc28480000 	C:\WINDOWS\System32\ole32.dll
0x00007ffc25240000 - 0x00007ffc2525b000 	C:\WINDOWS\SYSTEM32\CRYPTSP.dll
0x00007ffc24aa0000 - 0x00007ffc24ad7000 	C:\WINDOWS\system32\rsaenh.dll
0x00007ffc250d0000 - 0x00007ffc250f8000 	C:\WINDOWS\SYSTEM32\USERENV.dll
0x00007ffc25230000 - 0x00007ffc2523c000 	C:\WINDOWS\SYSTEM32\CRYPTBASE.dll
0x00007ffc244b0000 - 0x00007ffc244dd000 	C:\WINDOWS\SYSTEM32\IPHLPAPI.DLL
0x00007ffc27b50000 - 0x00007ffc27b59000 	C:\WINDOWS\System32\NSI.dll
0x00007ffbea0c0000 - 0x00007ffbea109000 	C:\Users\H\AppData\Local\Temp\jna-72\jna13999974123906967811.dll
0x00007ffc28160000 - 0x00007ffc28168000 	C:\WINDOWS\System32\PSAPI.DLL
0x00007ffc1eea0000 - 0x00007ffc1eeb9000 	C:\WINDOWS\SYSTEM32\dhcpcsvc6.DLL
0x00007ffc1e5f0000 - 0x00007ffc1e60f000 	C:\WINDOWS\SYSTEM32\dhcpcsvc.DLL
0x00007ffc1a6d0000 - 0x00007ffc1a6de000 	C:\Users\H\.vscode\extensions\redhat.java-1.43.1-win32-x64\jre\21.0.7-win32-x86_64\bin\sunmscapi.dll
0x00007ffc25c50000 - 0x00007ffc25db7000 	C:\WINDOWS\System32\CRYPT32.dll
0x00007ffc25410000 - 0x00007ffc2543d000 	C:\WINDOWS\SYSTEM32\ncrypt.dll
0x00007ffc253d0000 - 0x00007ffc25407000 	C:\WINDOWS\SYSTEM32\NTASN1.dll
0x00007ffc24520000 - 0x00007ffc24618000 	C:\WINDOWS\SYSTEM32\DNSAPI.dll
0x00007ffc0bb80000 - 0x00007ffc0bb8a000 	C:\Windows\System32\rasadhlp.dll
0x00007ffc0fee0000 - 0x00007ffc0ff64000 	C:\WINDOWS\System32\fwpuclnt.dll
0x00007ffc1a6c0000 - 0x00007ffc1a6c9000 	C:\Users\H\.vscode\extensions\redhat.java-1.43.1-win32-x64\jre\21.0.7-win32-x86_64\bin\extnet.dll

dbghelp: loaded successfully - version: 4.0.5 - missing functions: none
symbol engine: initialized successfully - sym options: 0x614 - pdb path: .;c:\Users\H\.vscode\extensions\redhat.java-1.43.1-win32-x64\jre\21.0.7-win32-x86_64\bin;C:\WINDOWS\SYSTEM32;C:\WINDOWS\WinSxS\amd64_microsoft.windows.common-controls_6595b64144ccf1df_6.0.22621.5547_none_27104afb73855772;c:\Users\H\.vscode\extensions\redhat.java-1.43.1-win32-x64\jre\21.0.7-win32-x86_64\bin\server;C:\Users\H\AppData\Roaming\Code\User\globalStorage\redhat.java\1.43.1\config_ss_win\org.eclipse.equinox.launcher\org.eclipse.equinox.launcher.win32.win32.x86_64_1.2.1300.v20250331-1702;C:\Users\H\AppData\Local\Temp\jna-72

VM Arguments:
jvm_args: --add-modules=ALL-SYSTEM --add-opens=java.base/java.util=ALL-UNNAMED --add-opens=java.base/java.lang=ALL-UNNAMED --add-opens=java.base/sun.nio.fs=ALL-UNNAMED -Declipse.application=org.eclipse.jdt.ls.core.id1 -Dosgi.bundles.defaultStartLevel=4 -Declipse.product=org.eclipse.jdt.ls.core.product -Djava.import.generatesMetadataFilesAtProjectRoot=false -DDetectVMInstallationsJob.disabled=true -Dfile.encoding=utf8 -XX:+UseParallelGC -XX:GCTimeRatio=4 -XX:AdaptiveSizePolicyWeight=90 -Dsun.zip.disableMemoryMapping=true -Xmx2G -Xms100m -Xlog:disable -javaagent:c:\Users\H\.vscode\extensions\redhat.java-1.43.1-win32-x64\lombok\lombok-1.18.39-4050.jar 
java_command: c:\Users\H\.vscode\extensions\redhat.java-1.43.1-win32-x64\server\plugins\org.eclipse.equinox.launcher_1.7.0.v20250519-0528.jar -configuration c:\Users\H\AppData\Roaming\Code\User\globalStorage\redhat.java\1.43.1\config_ss_win -data c:\Users\H\AppData\Roaming\Code\User\workspaceStorage\752bcb2c84d0666007193bd6390a1d86\redhat.java\ss_ws --pipe=\\.\pipe\lsp-349f170f244ddb02927dbbe3434228bb-sock
java_class_path (initial): c:\Users\H\.vscode\extensions\redhat.java-1.43.1-win32-x64\server\plugins\org.eclipse.equinox.launcher_1.7.0.v20250519-0528.jar
Launcher Type: SUN_STANDARD

[Global flags]
    uintx AdaptiveSizePolicyWeight                 = 90                                        {product} {command line}
     intx CICompilerCount                          = 3                                         {product} {ergonomic}
    uintx GCTimeRatio                              = 4                                         {product} {command line}
   size_t InitialHeapSize                          = 104857600                                 {product} {command line}
   size_t MaxHeapSize                              = 2147483648                                {product} {command line}
   size_t MaxNewSize                               = 715653120                                 {product} {ergonomic}
   size_t MinHeapDeltaBytes                        = 524288                                    {product} {ergonomic}
   size_t MinHeapSize                              = 104857600                                 {product} {command line}
   size_t NewSize                                  = 34603008                                  {product} {ergonomic}
    uintx NonNMethodCodeHeapSize                   = 5832780                                {pd product} {ergonomic}
    uintx NonProfiledCodeHeapSize                  = 122912730                              {pd product} {ergonomic}
   size_t OldSize                                  = 70254592                                  {product} {ergonomic}
    uintx ProfiledCodeHeapSize                     = 122912730                              {pd product} {ergonomic}
    uintx ReservedCodeCacheSize                    = 251658240                              {pd product} {ergonomic}
     bool SegmentedCodeCache                       = true                                      {product} {ergonomic}
   size_t SoftMaxHeapSize                          = 2147483648                             {manageable} {ergonomic}
     bool UseCompressedOops                        = true                           {product lp64_product} {ergonomic}
     bool UseLargePagesIndividualAllocation        = false                                  {pd product} {ergonomic}
     bool UseParallelGC                            = true                                      {product} {command line}

Logging:
Log output configuration:
 #0: stdout all=off uptime,level,tags foldmultilines=false
 #1: stderr all=off uptime,level,tags foldmultilines=false

Environment Variables:
PATH=C:\Program Files\Common Files\Oracle\Java\javapath;C:\WINDOWS\system32;C:\WINDOWS;C:\WINDOWS\System32\Wbem;C:\WINDOWS\System32\WindowsPowerShell\v1.0\;C:\WINDOWS\System32\OpenSSH\;C:\Program Files\HP\HP One Agent;C:\Users\H\AppData\Local\Programs\Python\Python313-32;C:\Users\H\AppData\Local\Programs\Python\Python313-32\Scripts;C:\ActiveTcl\lib\tcl8.6;C:\Users\H\AppData\Local\Programs\Python-3.11.11;C:\Program Files\Git\cmd;C:\Program Files\MySQL\MySQL Server 8.0\bin;C:\Program Files\MySQL\MySQL Shell 8.0\bin\;C:\Users\H\AppData\Local\Programs\Python\Python312\Scripts\;C:\Users\H\AppData\Local\Programs\Python\Python312\;C:\Users\H\AppData\Local\Programs\Python\Launcher\;C:\Users\H\AppData\Local\activestate\cache\bin;C:\Users\H\AppData\Local\ActiveState\StateTool\release\bin;C:\Users\H\AppData\Local\Programs\Python\Python313\Scripts\;C:\Users\H\AppData\Local\Programs\Python\Python313\;C:\Users\H\AppData\Local\Microsoft\WindowsApps;;C:\Users\H\AppData\Local\Programs\Microsoft VS Code\bin;C:\Program Files\JetBrains\PyCharm 2024.3.1.1\bin;;C:\Program Files\JetBrains\PyCharm Community Edition 2024.2.4\bin;
USERNAME=H
OS=Windows_NT
PROCESSOR_IDENTIFIER=AMD64 Family 23 Model 24 Stepping 1, AuthenticAMD
TMP=C:\Users\H\AppData\Local\Temp
TEMP=C:\Users\H\AppData\Local\Temp




Periodic native trim disabled

---------------  S Y S T E M  ---------------

OS:
 Windows 11 , 64 bit Build 22621 (10.0.22621.5415)
OS uptime: 2 days 2:19 hours
Hyper-V role detected

CPU: total 4 (initial active 4) (4 cores per cpu, 2 threads per core) family 23 model 24 stepping 1 microcode 0x0, cx8, cmov, fxsr, ht, mmx, 3dnowpref, sse, sse2, sse3, ssse3, sse4a, sse4.1, sse4.2, popcnt, lzcnt, tsc, tscinvbit, avx, avx2, aes, clmul, bmi1, bmi2, adx, sha, fma, vzeroupper, clflush, clflushopt, hv, rdtscp, f16c
Processor Information for the first 4 processors :
  Max Mhz: 2600, Current Mhz: 2600, Mhz Limit: 2600

Memory: 4k page, system-wide physical 3499M (141M free)
TotalPageFile size 14251M (AvailPageFile size 1M)
current process WorkingSet (physical memory assigned to process): 146M, peak: 252M
current process commit charge ("private bytes"): 384M, peak: 385M

vm_info: OpenJDK 64-Bit Server VM (21.0.7+6-LTS) for windows-amd64 JRE (21.0.7+6-LTS), built on 2025-04-15T00:00:00Z by "admin" with MS VC++ 17.7 (VS2022)

END.
