#
# There is insufficient memory for the Java Runtime Environment to continue.
# Native memory allocation (malloc) failed to allocate 1180816 bytes. Error detail: Chunk::new
# Possible reasons:
#   The system is out of physical RAM or swap space
#   This process is running with CompressedOops enabled, and the Java Heap may be blocking the growth of the native heap
# Possible solutions:
#   Reduce memory load on the system
#   Increase physical memory or swap space
#   Check if swap backing store is full
#   Decrease Java heap size (-Xmx/-Xms)
#   Decrease number of Java threads
#   Decrease Java thread stack sizes (-Xss)
#   Set larger code cache with -XX:ReservedCodeCacheSize=
#   JVM is running with Unscaled Compressed Oops mode in which the Java heap is
#     placed in the first 4GB address space. The Java Heap base address is the
#     maximum limit for the native heap growth. Please use -XX:HeapBaseMinAddress
#     to set the Java Heap base and to place the Java Heap above 4GB virtual address.
# This output file may be truncated or incomplete.
#
#  Out of Memory Error (arena.cpp:168), pid=2992, tid=18292
#
# JRE version: OpenJDK Runtime Environment Temurin-21.0.7+6 (21.0.7+6) (build 21.0.7+6-LTS)
# Java VM: OpenJDK 64-Bit Server VM Temurin-21.0.7+6 (21.0.7+6-LTS, mixed mode, sharing, tiered, compressed oops, compressed class ptrs, parallel gc, windows-amd64)
# No core dump will be written. Minidumps are not enabled by default on client versions of Windows
#

---------------  S U M M A R Y ------------

Command Line: --add-modules=ALL-SYSTEM --add-opens=java.base/java.util=ALL-UNNAMED --add-opens=java.base/java.lang=ALL-UNNAMED --add-opens=java.base/sun.nio.fs=ALL-UNNAMED -Declipse.application=org.eclipse.jdt.ls.core.id1 -Dosgi.bundles.defaultStartLevel=4 -Declipse.product=org.eclipse.jdt.ls.core.product -Djava.import.generatesMetadataFilesAtProjectRoot=false -DDetectVMInstallationsJob.disabled=true -Dfile.encoding=utf8 -XX:+UseParallelGC -XX:GCTimeRatio=4 -XX:AdaptiveSizePolicyWeight=90 -Dsun.zip.disableMemoryMapping=true -Xmx2G -Xms100m -Xlog:disable -javaagent:c:\Users\H\.vscode\extensions\redhat.java-1.43.1-win32-x64\lombok\lombok-1.18.39-4050.jar -XX:+HeapDumpOnOutOfMemoryError -XX:HeapDumpPath=c:\Users\H\AppData\Roaming\Code\User\workspaceStorage\752bcb2c84d0666007193bd6390a1d86\redhat.java -Daether.dependencyCollector.impl=bf c:\Users\H\.vscode\extensions\redhat.java-1.43.1-win32-x64\server\plugins\org.eclipse.equinox.launcher_1.7.0.v20250519-0528.jar -configuration c:\Users\H\AppData\Roaming\Code\User\globalStorage\redhat.java\1.43.1\config_win -data c:\Users\H\AppData\Roaming\Code\User\workspaceStorage\752bcb2c84d0666007193bd6390a1d86\redhat.java\jdt_ws --pipe=\\.\pipe\lsp-21b0e103c3f99c38821bd3d4bb2d58cc-sock

Host: AMD Ryzen 3 3250U with Radeon Graphics         , 4 cores, 3G,  Windows 11 , 64 bit Build 22621 (10.0.22621.5415)
Time: Thu Jul 17 16:28:53 2025 E. Africa Standard Time elapsed time: 144.833395 seconds (0d 0h 2m 24s)

---------------  T H R E A D  ---------------

Current thread (0x000001e8962767b0):  JavaThread "C2 CompilerThread0" daemon [_thread_in_native, id=18292, stack(0x0000006b56c00000,0x0000006b56d00000) (1024K)]


Current CompileTask:
C2:144836 14931       4       org.eclipse.jdt.internal.compiler.lookup.Scope::getTypeOrPackage (1525 bytes)

Stack: [0x0000006b56c00000,0x0000006b56d00000]
Native frames: (J=compiled Java code, j=interpreted, Vv=VM code, C=native code)
V  [jvm.dll+0x6ce119]
V  [jvm.dll+0x8a84a1]
V  [jvm.dll+0x8aa9ce]
V  [jvm.dll+0x8ab0b3]
V  [jvm.dll+0x27f8a6]
V  [jvm.dll+0xc507d]
V  [jvm.dll+0xc55b3]
V  [jvm.dll+0x3b68f2]
V  [jvm.dll+0x1e0029]
V  [jvm.dll+0x247c42]
V  [jvm.dll+0x2470cf]
V  [jvm.dll+0x1c760e]
V  [jvm.dll+0x25695a]
V  [jvm.dll+0x254efa]
V  [jvm.dll+0x3f03f6]
V  [jvm.dll+0x851f6b]
V  [jvm.dll+0x6cc7dd]
C  [ucrtbase.dll+0x29333]
C  [KERNEL32.DLL+0x1259d]
C  [ntdll.dll+0x5af78]


---------------  P R O C E S S  ---------------

Threads class SMR info:
_java_thread_list=0x000001e8e9e05240, length=47, elements={
0x000001e8fe51d800, 0x000001e89626a000, 0x000001e89626b900, 0x000001e89626f0c0,
0x000001e896270fb0, 0x000001e896271ec0, 0x000001e896275a30, 0x000001e8962767b0,
0x000001e8962e70b0, 0x000001e8dc02e250, 0x000001e8dc27d0e0, 0x000001e8dc942000,
0x000001e8dc5a2a80, 0x000001e8dc5a23f0, 0x000001e8dc5a3110, 0x000001e8dc5a37a0,
0x000001e8dc5a44c0, 0x000001e8dc5a3e30, 0x000001e8dc5a5870, 0x000001e8dc5a4b50,
0x000001e8dc5a51e0, 0x000001e8dcb074e0, 0x000001e8dcb039d0, 0x000001e8dcb06130,
0x000001e8dcb08200, 0x000001e8dcb0a960, 0x000001e8dcb05410, 0x000001e8dcb08f20,
0x000001e8dcb04d80, 0x000001e8dcb067c0, 0x000001e8dcb095b0, 0x000001e8dcb09c40,
0x000001e8dcb0aff0, 0x000001e8dcb04060, 0x000001e8dd215f60, 0x000001e8dd212450,
0x000001e8dd218d50, 0x000001e8dd213800, 0x000001e8dd2179a0, 0x000001e8dd212ae0,
0x000001e8dd218030, 0x000001e8dd2186c0, 0x000001e8dd219a70, 0x000001e8dd217310,
0x000001e8dd213e90, 0x000001e8dd214bb0, 0x000001e8dcb07b70
}

Java Threads: ( => current thread )
  0x000001e8fe51d800 JavaThread "main"                              [_thread_blocked, id=7956, stack(0x0000006b56200000,0x0000006b56300000) (1024K)]
  0x000001e89626a000 JavaThread "Reference Handler"          daemon [_thread_blocked, id=18456, stack(0x0000006b56600000,0x0000006b56700000) (1024K)]
  0x000001e89626b900 JavaThread "Finalizer"                  daemon [_thread_blocked, id=1264, stack(0x0000006b56700000,0x0000006b56800000) (1024K)]
  0x000001e89626f0c0 JavaThread "Signal Dispatcher"          daemon [_thread_blocked, id=12956, stack(0x0000006b56800000,0x0000006b56900000) (1024K)]
  0x000001e896270fb0 JavaThread "Attach Listener"            daemon [_thread_blocked, id=13936, stack(0x0000006b56900000,0x0000006b56a00000) (1024K)]
  0x000001e896271ec0 JavaThread "Service Thread"             daemon [_thread_blocked, id=2828, stack(0x0000006b56a00000,0x0000006b56b00000) (1024K)]
  0x000001e896275a30 JavaThread "Monitor Deflation Thread"   daemon [_thread_blocked, id=8596, stack(0x0000006b56b00000,0x0000006b56c00000) (1024K)]
=>0x000001e8962767b0 JavaThread "C2 CompilerThread0"         daemon [_thread_in_native, id=18292, stack(0x0000006b56c00000,0x0000006b56d00000) (1024K)]
  0x000001e8962e70b0 JavaThread "C1 CompilerThread0"         daemon [_thread_blocked, id=17132, stack(0x0000006b56d00000,0x0000006b56e00000) (1024K)]
  0x000001e8dc02e250 JavaThread "Common-Cleaner"             daemon [_thread_blocked, id=7920, stack(0x0000006b56e00000,0x0000006b56f00000) (1024K)]
  0x000001e8dc27d0e0 JavaThread "Notification Thread"        daemon [_thread_blocked, id=12944, stack(0x0000006b56f00000,0x0000006b57000000) (1024K)]
  0x000001e8dc942000 JavaThread "Active Thread: Equinox Container: 901c2a82-12b5-49f1-9def-98a8d9f0f08b"        [_thread_blocked, id=17788, stack(0x0000006b57300000,0x0000006b57400000) (1024K)]
  0x000001e8dc5a2a80 JavaThread "Refresh Thread: Equinox Container: 901c2a82-12b5-49f1-9def-98a8d9f0f08b" daemon [_thread_blocked, id=9308, stack(0x0000006b57400000,0x0000006b57500000) (1024K)]
  0x000001e8dc5a23f0 JavaThread "Framework Event Dispatcher: Equinox Container: 901c2a82-12b5-49f1-9def-98a8d9f0f08b" daemon [_thread_blocked, id=10372, stack(0x0000006b57500000,0x0000006b57600000) (1024K)]
  0x000001e8dc5a3110 JavaThread "Start Level: Equinox Container: 901c2a82-12b5-49f1-9def-98a8d9f0f08b" daemon [_thread_blocked, id=15556, stack(0x0000006b57600000,0x0000006b57700000) (1024K)]
  0x000001e8dc5a37a0 JavaThread "Bundle File Closer"         daemon [_thread_blocked, id=15648, stack(0x0000006b57700000,0x0000006b57800000) (1024K)]
  0x000001e8dc5a44c0 JavaThread "SCR Component Actor"        daemon [_thread_blocked, id=3732, stack(0x0000006b57800000,0x0000006b57900000) (1024K)]
  0x000001e8dc5a3e30 JavaThread "Worker-JM"                         [_thread_blocked, id=6892, stack(0x0000006b57a00000,0x0000006b57b00000) (1024K)]
  0x000001e8dc5a5870 JavaThread "JNA Cleaner"                daemon [_thread_blocked, id=1948, stack(0x0000006b57900000,0x0000006b57a00000) (1024K)]
  0x000001e8dc5a4b50 JavaThread "Worker-0"                          [_thread_blocked, id=20876, stack(0x0000006b57b00000,0x0000006b57c00000) (1024K)]
  0x000001e8dc5a51e0 JavaThread "Worker-1"                          [_thread_blocked, id=7968, stack(0x0000006b57c00000,0x0000006b57d00000) (1024K)]
  0x000001e8dcb074e0 JavaThread "Worker-4: Validate documents"        [_thread_blocked, id=764, stack(0x0000006b58000000,0x0000006b58100000) (1024K)]
  0x000001e8dcb039d0 JavaThread "Java indexing"              daemon [_thread_blocked, id=12516, stack(0x0000006b58100000,0x0000006b58200000) (1024K)]
  0x000001e8dcb06130 JavaThread "Worker-5"                          [_thread_blocked, id=8844, stack(0x0000006b58200000,0x0000006b58300000) (1024K)]
  0x000001e8dcb08200 JavaThread "Worker-6"                          [_thread_blocked, id=2940, stack(0x0000006b58300000,0x0000006b58400000) (1024K)]
  0x000001e8dcb0a960 JavaThread "Worker-7"                          [_thread_blocked, id=12180, stack(0x0000006b58400000,0x0000006b58500000) (1024K)]
  0x000001e8dcb05410 JavaThread "Thread-3"                   daemon [_thread_in_native, id=2612, stack(0x0000006b58500000,0x0000006b58600000) (1024K)]
  0x000001e8dcb08f20 JavaThread "Thread-4"                   daemon [_thread_blocked, id=2036, stack(0x0000006b58600000,0x0000006b58700000) (1024K)]
  0x000001e8dcb04d80 JavaThread "Thread-5"                   daemon [_thread_blocked, id=17956, stack(0x0000006b58700000,0x0000006b58800000) (1024K)]
  0x000001e8dcb067c0 JavaThread "Thread-6"                   daemon [_thread_blocked, id=20928, stack(0x0000006b58800000,0x0000006b58900000) (1024K)]
  0x000001e8dcb095b0 JavaThread "Thread-7"                   daemon [_thread_in_native, id=12580, stack(0x0000006b58900000,0x0000006b58a00000) (1024K)]
  0x000001e8dcb09c40 JavaThread "pool-2-thread-1"                   [_thread_blocked, id=8492, stack(0x0000006b58a00000,0x0000006b58b00000) (1024K)]
  0x000001e8dcb0aff0 JavaThread "WorkspaceEventsHandler"            [_thread_blocked, id=7124, stack(0x0000006b58b00000,0x0000006b58c00000) (1024K)]
  0x000001e8dcb04060 JavaThread "pool-1-thread-1"                   [_thread_blocked, id=16456, stack(0x0000006b58c00000,0x0000006b58d00000) (1024K)]
  0x000001e8dd215f60 JavaThread "LocalFile Deleter"          daemon [_thread_blocked, id=9656, stack(0x0000006b58d00000,0x0000006b58e00000) (1024K)]
  0x000001e8dd212450 JavaThread "LocalFile Deleter"          daemon [_thread_blocked, id=5540, stack(0x0000006b58e00000,0x0000006b58f00000) (1024K)]
  0x000001e8dd218d50 JavaThread "LocalFile Deleter"          daemon [_thread_blocked, id=11200, stack(0x0000006b58f00000,0x0000006b59000000) (1024K)]
  0x000001e8dd213800 JavaThread "Compiler Source File Reader" daemon [_thread_blocked, id=13352, stack(0x0000006b59000000,0x0000006b59100000) (1024K)]
  0x000001e8dd2179a0 JavaThread "Compiler Source File Reader" daemon [_thread_blocked, id=17300, stack(0x0000006b59100000,0x0000006b59200000) (1024K)]
  0x000001e8dd212ae0 JavaThread "Compiler Processing Task"   daemon [_thread_blocked, id=2980, stack(0x0000006b59200000,0x0000006b59300000) (1024K)]
  0x000001e8dd218030 JavaThread "Compiler Class File Writer" daemon [_thread_blocked, id=13204, stack(0x0000006b59300000,0x0000006b59400000) (1024K)]
  0x000001e8dd2186c0 JavaThread "Compiler Class File Writer" daemon [_thread_blocked, id=19784, stack(0x0000006b59400000,0x0000006b59500000) (1024K)]
  0x000001e8dd219a70 JavaThread "ForkJoinPool.commonPool-worker-1" daemon [_thread_blocked, id=19208, stack(0x0000006b59500000,0x0000006b59600000) (1024K)]
  0x000001e8dd217310 JavaThread "ForkJoinPool.commonPool-worker-2" daemon [_thread_blocked, id=20524, stack(0x0000006b59600000,0x0000006b59700000) (1024K)]
  0x000001e8dd213e90 JavaThread "ForkJoinPool.commonPool-worker-3" daemon [_thread_blocked, id=7160, stack(0x0000006b56000000,0x0000006b56100000) (1024K)]
  0x000001e8dd214bb0 JavaThread "Worker-8"                          [_thread_blocked, id=10148, stack(0x0000006b57d00000,0x0000006b57e00000) (1024K)]
  0x000001e8dcb07b70 JavaThread "Cleaner-0"                  daemon [_thread_blocked, id=17372, stack(0x0000006b56100000,0x0000006b56200000) (1024K)]
Total: 47

Other Threads:
  0x000001e8fe5dccd0 VMThread "VM Thread"                           [id=18420, stack(0x0000006b56500000,0x0000006b56600000) (1024K)]
  0x000001e8fe587840 WatcherThread "VM Periodic Task Thread"        [id=10904, stack(0x0000006b56400000,0x0000006b56500000) (1024K)]
  0x000001e8fe53ba30 WorkerThread "GC Thread#0"                     [id=13484, stack(0x0000006b56300000,0x0000006b56400000) (1024K)]
  0x000001e8dc9428b0 WorkerThread "GC Thread#1"                     [id=8364, stack(0x0000006b57000000,0x0000006b57100000) (1024K)]
  0x000001e8dc5dcbe0 WorkerThread "GC Thread#2"                     [id=19372, stack(0x0000006b57100000,0x0000006b57200000) (1024K)]
  0x000001e8dc5dcf80 WorkerThread "GC Thread#3"                     [id=6460, stack(0x0000006b57200000,0x0000006b57300000) (1024K)]
Total: 6

Threads with active compile tasks:
C2 CompilerThread0  145009 14931       4       org.eclipse.jdt.internal.compiler.lookup.Scope::getTypeOrPackage (1525 bytes)
Total: 1

VM state: at safepoint (normal execution)

VM Mutex/Monitor currently owned by a thread:  ([mutex/lock_event])
[0x00007ffba6c9e308] Threads_lock - owner thread: 0x000001e8fe5dccd0
[0x00007ffba6c9e408] Heap_lock - owner thread: 0x000001e8dd213e90

Heap address: 0x0000000080000000, size: 2048 MB, Compressed Oops mode: 32-bit

CDS archive(s) mapped at: [0x000001e897000000-0x000001e897ba0000-0x000001e897ba0000), size 12189696, SharedBaseAddress: 0x000001e897000000, ArchiveRelocationMode: 1.
Compressed class space mapped at: 0x000001e898000000-0x000001e8d8000000, reserved size: 1073741824
Narrow klass base: 0x000001e897000000, Narrow klass shift: 0, Narrow klass range: 0x100000000

GC Precious Log:
 CardTable entry size: 512
 CPUs: 4 total, 4 available
 Memory: 3499M
 Large Page Support: Disabled
 NUMA Support: Disabled
 Compressed Oops: Enabled (32-bit)
 Alignments: Space 512K, Generation 512K, Heap 2M
 Heap Min Capacity: 100M
 Heap Initial Capacity: 100M
 Heap Max Capacity: 2G
 Pre-touch: Disabled
 Parallel Workers: 4

Heap:
 PSYoungGen      total 3072K, used 3046K [0x00000000d5580000, 0x00000000d5980000, 0x0000000100000000)
  eden space 2048K, 99% used [0x00000000d5580000,0x00000000d577e250,0x00000000d5780000)
  from space 1024K, 98% used [0x00000000d5780000,0x00000000d587b650,0x00000000d5880000)
  to   space 1024K, 98% used [0x00000000d5880000,0x00000000d597c010,0x00000000d5980000)
 ParOldGen       total 529408K, used 529268K [0x0000000080000000, 0x00000000a0500000, 0x00000000d5580000)
  object space 529408K, 99% used [0x0000000080000000,0x00000000a04dd1b8,0x00000000a0500000)
 Metaspace       used 72778K, committed 74432K, reserved 1179648K
  class space    used 7328K, committed 8128K, reserved 1048576K

Card table byte_map: [0x000001e8fdec0000,0x000001e8fe2d0000] _byte_map_base: 0x000001e8fdac0000

Marking Bits: (ParMarkBitMap*) 0x00007ffba6ca31f0
 Begin Bits: [0x000001e892130000, 0x000001e894130000)
 End Bits:   [0x000001e894130000, 0x000001e896130000)

Polling page: 0x000001e8fc270000

Metaspace:

Usage:
  Non-class:     63.92 MB used.
      Class:      7.16 MB used.
       Both:     71.07 MB used.

Virtual space:
  Non-class space:      128.00 MB reserved,      64.75 MB ( 51%) committed,  2 nodes.
      Class space:        1.00 GB reserved,       7.94 MB ( <1%) committed,  1 nodes.
             Both:        1.12 GB reserved,      72.69 MB (  6%) committed. 

Chunk freelists:
   Non-Class:  15.19 MB
       Class:  7.99 MB
        Both:  23.17 MB

MaxMetaspaceSize: unlimited
CompressedClassSpaceSize: 1.00 GB
Initial GC threshold: 21.00 MB
Current GC threshold: 97.31 MB
CDS: on
 - commit_granule_bytes: 65536.
 - commit_granule_words: 8192.
 - virtual_space_node_default_size: 8388608.
 - enlarge_chunks_in_place: 1.
 - use_allocation_guard: 0.


Internal statistics:

num_allocs_failed_limit: 11.
num_arena_births: 1360.
num_arena_deaths: 16.
num_vsnodes_births: 3.
num_vsnodes_deaths: 0.
num_space_committed: 1163.
num_space_uncommitted: 0.
num_chunks_returned_to_freelist: 27.
num_chunks_taken_from_freelist: 5047.
num_chunk_merges: 15.
num_chunk_splits: 2961.
num_chunks_enlarged: 1513.
num_inconsistent_stats: 0.

CodeHeap 'non-profiled nmethods': size=120000Kb used=11274Kb max_used=11274Kb free=108725Kb
 bounds [0x000001e88ac00000, 0x000001e88b710000, 0x000001e892130000]
CodeHeap 'profiled nmethods': size=120000Kb used=35752Kb max_used=35752Kb free=84247Kb
 bounds [0x000001e883130000, 0x000001e885420000, 0x000001e88a660000]
CodeHeap 'non-nmethods': size=5760Kb used=1472Kb max_used=1522Kb free=4287Kb
 bounds [0x000001e88a660000, 0x000001e88a8d0000, 0x000001e88ac00000]
 total_blobs=14928 nmethods=14134 adapters=697
 compilation: enabled
              stopped_count=0, restarted_count=0
 full_count=0

Compilation events (20 events):
Event: 144.623 Thread 0x000001e8962e70b0 14949       3       org.eclipse.jdt.internal.compiler.ast.ArrayTypeReference::getAnnotationsOnDimensions (90 bytes)
Event: 144.624 Thread 0x000001e8962e70b0 nmethod 14949 0x000001e885411890 code [0x000001e885411a60, 0x000001e885411eb0]
Event: 144.629 Thread 0x000001e8962e70b0 14950       3       org.eclipse.jdt.core.compiler.CharOperation::camelCaseMatch (25 bytes)
Event: 144.629 Thread 0x000001e8962e70b0 nmethod 14950 0x000001e885412010 code [0x000001e8854121e0, 0x000001e8854123e0]
Event: 144.629 Thread 0x000001e8962e70b0 14951       3       org.eclipse.jdt.internal.codeassist.CompletionEngine::completingInPreamble (71 bytes)
Event: 144.630 Thread 0x000001e8962e70b0 nmethod 14951 0x000001e885412510 code [0x000001e8854126e0, 0x000001e885412aa8]
Event: 144.631 Thread 0x000001e8962e70b0 14952       3       org.eclipse.jdt.internal.codeassist.CompletionEngine::checkCancel (28 bytes)
Event: 144.631 Thread 0x000001e8962e70b0 nmethod 14952 0x000001e885412c10 code [0x000001e885412de0, 0x000001e8854130d8]
Event: 144.632 Thread 0x000001e8962e70b0 14954       3       org.eclipse.core.internal.preferences.PreferencesService::getDefaultLookupOrder (18 bytes)
Event: 144.639 Thread 0x000001e8962e70b0 nmethod 14954 0x000001e885413210 code [0x000001e885413600, 0x000001e885415540]
Event: 144.639 Thread 0x000001e8962e70b0 14955       3       org.eclipse.core.internal.preferences.PreferencesService::getRegistryKey (26 bytes)
Event: 144.642 Thread 0x000001e8962e70b0 nmethod 14955 0x000001e885416010 code [0x000001e8854163e0, 0x000001e8854181b0]
Event: 144.812 Thread 0x000001e8962e70b0 14956       3       java.lang.StackStreamFactory$StackFrameTraverser$StackFrameBuffer::nextStackFrame (5 bytes)
Event: 144.812 Thread 0x000001e8962e70b0 nmethod 14956 0x000001e885418c10 code [0x000001e885418dc0, 0x000001e885418ef8]
Event: 144.812 Thread 0x000001e8962e70b0 14957       3       java.util.logging.LogRecord$CallerFinder::test (9 bytes)
Event: 144.812 Thread 0x000001e8962e70b0 nmethod 14957 0x000001e885418f90 code [0x000001e885419140, 0x000001e885419390]
Event: 144.812 Thread 0x000001e8962e70b0 14958       3       java.util.logging.LogRecord$CallerFinder::test (46 bytes)
Event: 144.813 Thread 0x000001e8962e70b0 nmethod 14958 0x000001e885419490 code [0x000001e8854196a0, 0x000001e885419c18]
Event: 144.813 Thread 0x000001e8962e70b0 14959       3       java.util.Formatter::getDecimalFormatSymbols (32 bytes)
Event: 144.814 Thread 0x000001e8962e70b0 nmethod 14959 0x000001e885419e10 code [0x000001e885419fe0, 0x000001e88541a230]

GC Heap History (20 events):
Event: 143.289 GC heap before
{Heap before GC invocations=529 (full 3):
 PSYoungGen      total 2560K, used 2320K [0x00000000d5580000, 0x00000000d5980000, 0x0000000100000000)
  eden space 2048K, 100% used [0x00000000d5580000,0x00000000d5780000,0x00000000d5780000)
  from space 512K, 53% used [0x00000000d5880000,0x00000000d58c4010,0x00000000d5900000)
  to   space 512K, 0% used [0x00000000d5900000,0x00000000d5900000,0x00000000d5980000)
 ParOldGen       total 523264K, used 522900K [0x0000000080000000, 0x000000009ff00000, 0x00000000d5580000)
  object space 523264K, 99% used [0x0000000080000000,0x000000009fea5120,0x000000009ff00000)
 Metaspace       used 72717K, committed 74432K, reserved 1179648K
  class space    used 7327K, committed 8128K, reserved 1048576K
}
Event: 143.293 GC heap after
{Heap after GC invocations=529 (full 3):
 PSYoungGen      total 2560K, used 512K [0x00000000d5580000, 0x00000000d5980000, 0x0000000100000000)
  eden space 2048K, 0% used [0x00000000d5580000,0x00000000d5580000,0x00000000d5780000)
  from space 512K, 100% used [0x00000000d5900000,0x00000000d5980000,0x00000000d5980000)
  to   space 1024K, 0% used [0x00000000d5780000,0x00000000d5780000,0x00000000d5880000)
 ParOldGen       total 523264K, used 523170K [0x0000000080000000, 0x000000009ff00000, 0x00000000d5580000)
  object space 523264K, 99% used [0x0000000080000000,0x000000009fee8b80,0x000000009ff00000)
 Metaspace       used 72717K, committed 74432K, reserved 1179648K
  class space    used 7327K, committed 8128K, reserved 1048576K
}
Event: 143.385 GC heap before
{Heap before GC invocations=530 (full 3):
 PSYoungGen      total 2560K, used 2560K [0x00000000d5580000, 0x00000000d5980000, 0x0000000100000000)
  eden space 2048K, 100% used [0x00000000d5580000,0x00000000d5780000,0x00000000d5780000)
  from space 512K, 100% used [0x00000000d5900000,0x00000000d5980000,0x00000000d5980000)
  to   space 1024K, 0% used [0x00000000d5780000,0x00000000d5780000,0x00000000d5880000)
 ParOldGen       total 523264K, used 523170K [0x0000000080000000, 0x000000009ff00000, 0x00000000d5580000)
  object space 523264K, 99% used [0x0000000080000000,0x000000009fee8b80,0x000000009ff00000)
 Metaspace       used 72725K, committed 74432K, reserved 1179648K
  class space    used 7327K, committed 8128K, reserved 1048576K
}
Event: 143.390 GC heap after
{Heap after GC invocations=530 (full 3):
 PSYoungGen      total 3072K, used 800K [0x00000000d5580000, 0x00000000d5980000, 0x0000000100000000)
  eden space 2048K, 0% used [0x00000000d5580000,0x00000000d5580000,0x00000000d5780000)
  from space 1024K, 78% used [0x00000000d5780000,0x00000000d5848000,0x00000000d5880000)
  to   space 1024K, 0% used [0x00000000d5880000,0x00000000d5880000,0x00000000d5980000)
 ParOldGen       total 523776K, used 523656K [0x0000000080000000, 0x000000009ff80000, 0x00000000d5580000)
  object space 523776K, 99% used [0x0000000080000000,0x000000009ff62000,0x000000009ff80000)
 Metaspace       used 72725K, committed 74432K, reserved 1179648K
  class space    used 7327K, committed 8128K, reserved 1048576K
}
Event: 143.690 GC heap before
{Heap before GC invocations=531 (full 3):
 PSYoungGen      total 3072K, used 2848K [0x00000000d5580000, 0x00000000d5980000, 0x0000000100000000)
  eden space 2048K, 100% used [0x00000000d5580000,0x00000000d5780000,0x00000000d5780000)
  from space 1024K, 78% used [0x00000000d5780000,0x00000000d5848000,0x00000000d5880000)
  to   space 1024K, 0% used [0x00000000d5880000,0x00000000d5880000,0x00000000d5980000)
 ParOldGen       total 523776K, used 523656K [0x0000000080000000, 0x000000009ff80000, 0x00000000d5580000)
  object space 523776K, 99% used [0x0000000080000000,0x000000009ff62000,0x000000009ff80000)
 Metaspace       used 72741K, committed 74432K, reserved 1179648K
  class space    used 7328K, committed 8128K, reserved 1048576K
}
Event: 143.695 GC heap after
{Heap after GC invocations=531 (full 3):
 PSYoungGen      total 2560K, used 256K [0x00000000d5580000, 0x00000000d5900000, 0x0000000100000000)
  eden space 2048K, 0% used [0x00000000d5580000,0x00000000d5580000,0x00000000d5780000)
  from space 512K, 50% used [0x00000000d5880000,0x00000000d58c0000,0x00000000d5900000)
  to   space 512K, 0% used [0x00000000d5800000,0x00000000d5800000,0x00000000d5880000)
 ParOldGen       total 524800K, used 524312K [0x0000000080000000, 0x00000000a0080000, 0x00000000d5580000)
  object space 524800K, 99% used [0x0000000080000000,0x00000000a0006000,0x00000000a0080000)
 Metaspace       used 72741K, committed 74432K, reserved 1179648K
  class space    used 7328K, committed 8128K, reserved 1048576K
}
Event: 143.798 GC heap before
{Heap before GC invocations=532 (full 3):
 PSYoungGen      total 2560K, used 2304K [0x00000000d5580000, 0x00000000d5900000, 0x0000000100000000)
  eden space 2048K, 100% used [0x00000000d5580000,0x00000000d5780000,0x00000000d5780000)
  from space 512K, 50% used [0x00000000d5880000,0x00000000d58c0000,0x00000000d5900000)
  to   space 512K, 0% used [0x00000000d5800000,0x00000000d5800000,0x00000000d5880000)
 ParOldGen       total 524800K, used 524312K [0x0000000080000000, 0x00000000a0080000, 0x00000000d5580000)
  object space 524800K, 99% used [0x0000000080000000,0x00000000a0006000,0x00000000a0080000)
 Metaspace       used 72742K, committed 74432K, reserved 1179648K
  class space    used 7328K, committed 8128K, reserved 1048576K
}
Event: 143.804 GC heap after
{Heap after GC invocations=532 (full 3):
 PSYoungGen      total 2560K, used 512K [0x00000000d5580000, 0x00000000d5980000, 0x0000000100000000)
  eden space 2048K, 0% used [0x00000000d5580000,0x00000000d5580000,0x00000000d5780000)
  from space 512K, 100% used [0x00000000d5800000,0x00000000d5880000,0x00000000d5880000)
  to   space 1024K, 0% used [0x00000000d5880000,0x00000000d5880000,0x00000000d5980000)
 ParOldGen       total 524800K, used 524662K [0x0000000080000000, 0x00000000a0080000, 0x00000000d5580000)
  object space 524800K, 99% used [0x0000000080000000,0x00000000a005da60,0x00000000a0080000)
 Metaspace       used 72742K, committed 74432K, reserved 1179648K
  class space    used 7328K, committed 8128K, reserved 1048576K
}
Event: 144.057 GC heap before
{Heap before GC invocations=533 (full 3):
 PSYoungGen      total 2560K, used 2560K [0x00000000d5580000, 0x00000000d5980000, 0x0000000100000000)
  eden space 2048K, 100% used [0x00000000d5580000,0x00000000d5780000,0x00000000d5780000)
  from space 512K, 100% used [0x00000000d5800000,0x00000000d5880000,0x00000000d5880000)
  to   space 1024K, 0% used [0x00000000d5880000,0x00000000d5880000,0x00000000d5980000)
 ParOldGen       total 524800K, used 524662K [0x0000000080000000, 0x00000000a0080000, 0x00000000d5580000)
  object space 524800K, 99% used [0x0000000080000000,0x00000000a005da60,0x00000000a0080000)
 Metaspace       used 72751K, committed 74432K, reserved 1179648K
  class space    used 7328K, committed 8128K, reserved 1048576K
}
Event: 144.061 GC heap after
{Heap after GC invocations=533 (full 3):
 PSYoungGen      total 2560K, used 304K [0x00000000d5580000, 0x00000000d5900000, 0x0000000100000000)
  eden space 2048K, 0% used [0x00000000d5580000,0x00000000d5580000,0x00000000d5780000)
  from space 512K, 59% used [0x00000000d5880000,0x00000000d58cc010,0x00000000d5900000)
  to   space 512K, 0% used [0x00000000d5800000,0x00000000d5800000,0x00000000d5880000)
 ParOldGen       total 525312K, used 525062K [0x0000000080000000, 0x00000000a0100000, 0x00000000d5580000)
  object space 525312K, 99% used [0x0000000080000000,0x00000000a00c1a60,0x00000000a0100000)
 Metaspace       used 72751K, committed 74432K, reserved 1179648K
  class space    used 7328K, committed 8128K, reserved 1048576K
}
Event: 144.085 GC heap before
{Heap before GC invocations=534 (full 3):
 PSYoungGen      total 2560K, used 2352K [0x00000000d5580000, 0x00000000d5900000, 0x0000000100000000)
  eden space 2048K, 100% used [0x00000000d5580000,0x00000000d5780000,0x00000000d5780000)
  from space 512K, 59% used [0x00000000d5880000,0x00000000d58cc010,0x00000000d5900000)
  to   space 512K, 0% used [0x00000000d5800000,0x00000000d5800000,0x00000000d5880000)
 ParOldGen       total 525312K, used 525062K [0x0000000080000000, 0x00000000a0100000, 0x00000000d5580000)
  object space 525312K, 99% used [0x0000000080000000,0x00000000a00c1a60,0x00000000a0100000)
 Metaspace       used 72758K, committed 74432K, reserved 1179648K
  class space    used 7328K, committed 8128K, reserved 1048576K
}
Event: 144.090 GC heap after
{Heap after GC invocations=534 (full 3):
 PSYoungGen      total 2560K, used 512K [0x00000000d5580000, 0x00000000d5980000, 0x0000000100000000)
  eden space 2048K, 0% used [0x00000000d5580000,0x00000000d5580000,0x00000000d5780000)
  from space 512K, 100% used [0x00000000d5800000,0x00000000d5880000,0x00000000d5880000)
  to   space 1024K, 0% used [0x00000000d5880000,0x00000000d5880000,0x00000000d5980000)
 ParOldGen       total 525824K, used 525416K [0x0000000080000000, 0x00000000a0180000, 0x00000000d5580000)
  object space 525824K, 99% used [0x0000000080000000,0x00000000a011a2c8,0x00000000a0180000)
 Metaspace       used 72758K, committed 74432K, reserved 1179648K
  class space    used 7328K, committed 8128K, reserved 1048576K
}
Event: 144.532 GC heap before
{Heap before GC invocations=535 (full 3):
 PSYoungGen      total 2560K, used 2560K [0x00000000d5580000, 0x00000000d5980000, 0x0000000100000000)
  eden space 2048K, 100% used [0x00000000d5580000,0x00000000d5780000,0x00000000d5780000)
  from space 512K, 100% used [0x00000000d5800000,0x00000000d5880000,0x00000000d5880000)
  to   space 1024K, 0% used [0x00000000d5880000,0x00000000d5880000,0x00000000d5980000)
 ParOldGen       total 525824K, used 525416K [0x0000000080000000, 0x00000000a0180000, 0x00000000d5580000)
  object space 525824K, 99% used [0x0000000080000000,0x00000000a011a2c8,0x00000000a0180000)
 Metaspace       used 72768K, committed 74432K, reserved 1179648K
  class space    used 7328K, committed 8128K, reserved 1048576K
}
Event: 144.539 GC heap after
{Heap after GC invocations=535 (full 3):
 PSYoungGen      total 2560K, used 272K [0x00000000d5580000, 0x00000000d5900000, 0x0000000100000000)
  eden space 2048K, 0% used [0x00000000d5580000,0x00000000d5580000,0x00000000d5780000)
  from space 512K, 53% used [0x00000000d5880000,0x00000000d58c4010,0x00000000d5900000)
  to   space 512K, 0% used [0x00000000d5800000,0x00000000d5800000,0x00000000d5880000)
 ParOldGen       total 525824K, used 525808K [0x0000000080000000, 0x00000000a0180000, 0x00000000d5580000)
  object space 525824K, 99% used [0x0000000080000000,0x00000000a017c2c8,0x00000000a0180000)
 Metaspace       used 72768K, committed 74432K, reserved 1179648K
  class space    used 7328K, committed 8128K, reserved 1048576K
}
Event: 144.568 GC heap before
{Heap before GC invocations=536 (full 3):
 PSYoungGen      total 2560K, used 2320K [0x00000000d5580000, 0x00000000d5900000, 0x0000000100000000)
  eden space 2048K, 100% used [0x00000000d5580000,0x00000000d5780000,0x00000000d5780000)
  from space 512K, 53% used [0x00000000d5880000,0x00000000d58c4010,0x00000000d5900000)
  to   space 512K, 0% used [0x00000000d5800000,0x00000000d5800000,0x00000000d5880000)
 ParOldGen       total 525824K, used 525808K [0x0000000080000000, 0x00000000a0180000, 0x00000000d5580000)
  object space 525824K, 99% used [0x0000000080000000,0x00000000a017c2c8,0x00000000a0180000)
 Metaspace       used 72770K, committed 74432K, reserved 1179648K
  class space    used 7328K, committed 8128K, reserved 1048576K
}
Event: 144.580 GC heap after
{Heap after GC invocations=536 (full 3):
 PSYoungGen      total 2560K, used 512K [0x00000000d5580000, 0x00000000d5980000, 0x0000000100000000)
  eden space 2048K, 0% used [0x00000000d5580000,0x00000000d5580000,0x00000000d5780000)
  from space 512K, 100% used [0x00000000d5800000,0x00000000d5880000,0x00000000d5880000)
  to   space 1024K, 0% used [0x00000000d5880000,0x00000000d5880000,0x00000000d5980000)
 ParOldGen       total 526336K, used 526165K [0x0000000080000000, 0x00000000a0200000, 0x00000000d5580000)
  object space 526336K, 99% used [0x0000000080000000,0x00000000a01d5758,0x00000000a0200000)
 Metaspace       used 72770K, committed 74432K, reserved 1179648K
  class space    used 7328K, committed 8128K, reserved 1048576K
}
Event: 144.647 GC heap before
{Heap before GC invocations=537 (full 3):
 PSYoungGen      total 2560K, used 2516K [0x00000000d5580000, 0x00000000d5980000, 0x0000000100000000)
  eden space 2048K, 97% used [0x00000000d5580000,0x00000000d5775140,0x00000000d5780000)
  from space 512K, 100% used [0x00000000d5800000,0x00000000d5880000,0x00000000d5880000)
  to   space 1024K, 0% used [0x00000000d5880000,0x00000000d5880000,0x00000000d5980000)
 ParOldGen       total 526336K, used 526165K [0x0000000080000000, 0x00000000a0200000, 0x00000000d5580000)
  object space 526336K, 99% used [0x0000000080000000,0x00000000a01d5758,0x00000000a0200000)
 Metaspace       used 72774K, committed 74432K, reserved 1179648K
  class space    used 7328K, committed 8128K, reserved 1048576K
}
Event: 144.654 GC heap after
{Heap after GC invocations=537 (full 3):
 PSYoungGen      total 3072K, used 480K [0x00000000d5580000, 0x00000000d5980000, 0x0000000100000000)
  eden space 2048K, 0% used [0x00000000d5580000,0x00000000d5580000,0x00000000d5780000)
  from space 1024K, 46% used [0x00000000d5880000,0x00000000d58f8000,0x00000000d5980000)
  to   space 1024K, 0% used [0x00000000d5780000,0x00000000d5780000,0x00000000d5880000)
 ParOldGen       total 526848K, used 526549K [0x0000000080000000, 0x00000000a0280000, 0x00000000d5580000)
  object space 526848K, 99% used [0x0000000080000000,0x00000000a0235758,0x00000000a0280000)
 Metaspace       used 72774K, committed 74432K, reserved 1179648K
  class space    used 7328K, committed 8128K, reserved 1048576K
}
Event: 144.670 GC heap before
{Heap before GC invocations=538 (full 3):
 PSYoungGen      total 3072K, used 2528K [0x00000000d5580000, 0x00000000d5980000, 0x0000000100000000)
  eden space 2048K, 100% used [0x00000000d5580000,0x00000000d5780000,0x00000000d5780000)
  from space 1024K, 46% used [0x00000000d5880000,0x00000000d58f8000,0x00000000d5980000)
  to   space 1024K, 0% used [0x00000000d5780000,0x00000000d5780000,0x00000000d5880000)
 ParOldGen       total 526848K, used 526549K [0x0000000080000000, 0x00000000a0280000, 0x00000000d5580000)
  object space 526848K, 99% used [0x0000000080000000,0x00000000a0235758,0x00000000a0280000)
 Metaspace       used 72774K, committed 74432K, reserved 1179648K
  class space    used 7328K, committed 8128K, reserved 1048576K
}
Event: 144.677 GC heap after
{Heap after GC invocations=538 (full 3):
 PSYoungGen      total 3072K, used 1005K [0x00000000d5580000, 0x00000000d5980000, 0x0000000100000000)
  eden space 2048K, 0% used [0x00000000d5580000,0x00000000d5580000,0x00000000d5780000)
  from space 1024K, 98% used [0x00000000d5780000,0x00000000d587b650,0x00000000d5880000)
  to   space 1024K, 0% used [0x00000000d5880000,0x00000000d5880000,0x00000000d5980000)
 ParOldGen       total 528384K, used 528022K [0x0000000080000000, 0x00000000a0400000, 0x00000000d5580000)
  object space 528384K, 99% used [0x0000000080000000,0x00000000a03a5b68,0x00000000a0400000)
 Metaspace       used 72774K, committed 74432K, reserved 1179648K
  class space    used 7328K, committed 8128K, reserved 1048576K
}

Dll operation events (10 events):
Event: 0.107 Loaded shared library c:\Users\H\.vscode\extensions\redhat.java-1.43.1-win32-x64\jre\21.0.7-win32-x86_64\bin\java.dll
Event: 0.651 Loaded shared library c:\Users\H\.vscode\extensions\redhat.java-1.43.1-win32-x64\jre\21.0.7-win32-x86_64\bin\zip.dll
Event: 0.843 Loaded shared library C:\Users\H\.vscode\extensions\redhat.java-1.43.1-win32-x64\jre\21.0.7-win32-x86_64\bin\instrument.dll
Event: 0.851 Loaded shared library C:\Users\H\.vscode\extensions\redhat.java-1.43.1-win32-x64\jre\21.0.7-win32-x86_64\bin\net.dll
Event: 0.856 Loaded shared library C:\Users\H\.vscode\extensions\redhat.java-1.43.1-win32-x64\jre\21.0.7-win32-x86_64\bin\nio.dll
Event: 0.864 Loaded shared library C:\Users\H\.vscode\extensions\redhat.java-1.43.1-win32-x64\jre\21.0.7-win32-x86_64\bin\zip.dll
Event: 0.912 Loaded shared library C:\Users\H\.vscode\extensions\redhat.java-1.43.1-win32-x64\jre\21.0.7-win32-x86_64\bin\jimage.dll
Event: 1.159 Loaded shared library c:\Users\H\.vscode\extensions\redhat.java-1.43.1-win32-x64\jre\21.0.7-win32-x86_64\bin\verify.dll
Event: 8.838 Loaded shared library C:\Users\H\AppData\Roaming\Code\User\globalStorage\redhat.java\1.43.1\config_win\org.eclipse.equinox.launcher\org.eclipse.equinox.launcher.win32.win32.x86_64_1.2.1300.v20250331-1702\eclipse_11911.dll
Event: 18.033 Loaded shared library C:\Users\H\AppData\Local\Temp\jna-72\jna4888805377855070107.dll

Deoptimization events (20 events):
Event: 141.115 Thread 0x000001e8dd213e90 Uncommon trap: trap_request=0xffffffde fr.pc=0x000001e88b5a9598 relative=0x0000000000000078
Event: 141.115 Thread 0x000001e8dd213e90 Uncommon trap: reason=class_check action=maybe_recompile pc=0x000001e88b5a9598 method=java.util.LinkedHashMap.afterNodeInsertion(Z)V @ 15 c2
Event: 141.115 Thread 0x000001e8dd213e90 DEOPT PACKING pc=0x000001e88b5a9598 sp=0x0000006b560fee60
Event: 141.115 Thread 0x000001e8dd213e90 DEOPT UNPACKING pc=0x000001e88a6b3aa2 sp=0x0000006b560fedd8 mode 2
Event: 141.136 Thread 0x000001e8dcb039d0 Uncommon trap: trap_request=0xffffff45 fr.pc=0x000001e88b60c7b0 relative=0x0000000000002a70
Event: 141.136 Thread 0x000001e8dcb039d0 Uncommon trap: reason=unstable_if action=reinterpret pc=0x000001e88b60c7b0 method=org.eclipse.jdt.internal.core.index.DiskIndex.mergeCategory([CLorg/eclipse/jdt/internal/core/index/DiskIndex;[ILjava/io/OutputStream;)V @ 208 c2
Event: 141.136 Thread 0x000001e8dcb039d0 DEOPT PACKING pc=0x000001e88b60c7b0 sp=0x0000006b581feb30
Event: 141.136 Thread 0x000001e8dcb039d0 DEOPT UNPACKING pc=0x000001e88a6b3aa2 sp=0x0000006b581feb30 mode 2
Event: 141.136 Thread 0x000001e8dcb039d0 Uncommon trap: trap_request=0xffffff45 fr.pc=0x000001e88b6125f0 relative=0x00000000000024f0
Event: 141.136 Thread 0x000001e8dcb039d0 Uncommon trap: reason=unstable_if action=reinterpret pc=0x000001e88b6125f0 method=org.eclipse.jdt.internal.core.index.DiskIndex.mergeCategory([CLorg/eclipse/jdt/internal/core/index/DiskIndex;[ILjava/io/OutputStream;)V @ 208 c2
Event: 141.136 Thread 0x000001e8dcb039d0 DEOPT PACKING pc=0x000001e88b6125f0 sp=0x0000006b581feb20
Event: 141.136 Thread 0x000001e8dcb039d0 DEOPT UNPACKING pc=0x000001e88a6b3aa2 sp=0x0000006b581feb30 mode 2
Event: 141.497 Thread 0x000001e8dcb0a960 DEOPT PACKING pc=0x000001e88408ab4d sp=0x0000006b584fdc00
Event: 141.497 Thread 0x000001e8dcb0a960 DEOPT UNPACKING pc=0x000001e88a6b4242 sp=0x0000006b584fd060 mode 0
Event: 142.695 Thread 0x000001e8dcb039d0 DEOPT PACKING pc=0x000001e8853ae889 sp=0x0000006b581feab0
Event: 142.695 Thread 0x000001e8dcb039d0 DEOPT UNPACKING pc=0x000001e88a6b4242 sp=0x0000006b581fdf88 mode 0
Event: 143.200 Thread 0x000001e8dd213e90 Uncommon trap: trap_request=0xffffff6e fr.pc=0x000001e88b6ba104 relative=0x0000000000000144
Event: 143.200 Thread 0x000001e8dd213e90 Uncommon trap: reason=loop_limit_check action=maybe_recompile pc=0x000001e88b6ba104 method=org.eclipse.jdt.internal.core.util.CommentRecorderParser.checkComment()V @ 202 c2
Event: 143.200 Thread 0x000001e8dd213e90 DEOPT PACKING pc=0x000001e88b6ba104 sp=0x0000006b560fd700
Event: 143.201 Thread 0x000001e8dd213e90 DEOPT UNPACKING pc=0x000001e88a6b3aa2 sp=0x0000006b560fd670 mode 2

Classes loaded (20 events):
Event: 94.437 Loading class java/util/LinkedList$LLSpliterator
Event: 94.438 Loading class java/util/LinkedList$LLSpliterator done
Event: 94.520 Loading class javax/xml/transform/TransformerConfigurationException
Event: 94.522 Loading class javax/xml/transform/TransformerConfigurationException done
Event: 95.020 Loading class java/util/stream/ReduceOps$5
Event: 95.022 Loading class java/util/stream/ReduceOps$5 done
Event: 95.022 Loading class java/util/stream/ReduceOps$CountingSink$OfRef
Event: 95.022 Loading class java/util/stream/ReduceOps$CountingSink
Event: 95.023 Loading class java/util/stream/ReduceOps$CountingSink done
Event: 95.023 Loading class java/util/stream/ReduceOps$CountingSink$OfRef done
Event: 97.143 Loading class java/util/Hashtable$KeySet
Event: 97.144 Loading class java/util/Hashtable$KeySet done
Event: 104.558 Loading class jdk/internal/ref/CleanerImpl$InnocuousThreadFactory
Event: 104.614 Loading class jdk/internal/ref/CleanerImpl$InnocuousThreadFactory done
Event: 130.586 Loading class java/util/stream/DistinctOps
Event: 130.607 Loading class java/util/stream/DistinctOps done
Event: 130.607 Loading class java/util/stream/DistinctOps$1
Event: 130.608 Loading class java/util/stream/DistinctOps$1 done
Event: 130.794 Loading class java/util/stream/DistinctOps$1$2
Event: 130.794 Loading class java/util/stream/DistinctOps$1$2 done

Classes unloaded (8 events):
Event: 20.012 Thread 0x000001e8fe5dccd0 Unloading class 0x000001e89819b800 'java/lang/invoke/LambdaForm$MH+0x000001e89819b800'
Event: 20.012 Thread 0x000001e8fe5dccd0 Unloading class 0x000001e89819b400 'java/lang/invoke/LambdaForm$MH+0x000001e89819b400'
Event: 20.012 Thread 0x000001e8fe5dccd0 Unloading class 0x000001e89819b000 'java/lang/invoke/LambdaForm$MH+0x000001e89819b000'
Event: 20.012 Thread 0x000001e8fe5dccd0 Unloading class 0x000001e89819ac00 'java/lang/invoke/LambdaForm$MH+0x000001e89819ac00'
Event: 20.012 Thread 0x000001e8fe5dccd0 Unloading class 0x000001e89819a800 'java/lang/invoke/LambdaForm$BMH+0x000001e89819a800'
Event: 20.012 Thread 0x000001e8fe5dccd0 Unloading class 0x000001e89819a400 'java/lang/invoke/LambdaForm$DMH+0x000001e89819a400'
Event: 20.012 Thread 0x000001e8fe5dccd0 Unloading class 0x000001e898199000 'java/lang/invoke/LambdaForm$DMH+0x000001e898199000'
Event: 50.116 Thread 0x000001e8fe5dccd0 Unloading class 0x000001e8986a0c00 'java/lang/invoke/LambdaForm$DMH+0x000001e8986a0c00'

Classes redefined (0 events):
No events

Internal exceptions (20 events):
Event: 125.432 Thread 0x000001e8dd219a70 Exception <a 'java/lang/ArrayIndexOutOfBoundsException'{0x00000000d56609f8}> (0x00000000d56609f8) 
thrown [s\src\hotspot\share\runtime\sharedRuntime.cpp, line 625]
Event: 125.919 Thread 0x000001e8dd219a70 Exception <a 'java/lang/ArrayIndexOutOfBoundsException'{0x00000000d55f5518}> (0x00000000d55f5518) 
thrown [s\src\hotspot\share\runtime\sharedRuntime.cpp, line 625]
Event: 125.919 Thread 0x000001e8dd219a70 Exception <a 'java/lang/ArrayIndexOutOfBoundsException'{0x00000000d55f5890}> (0x00000000d55f5890) 
thrown [s\src\hotspot\share\runtime\sharedRuntime.cpp, line 625]
Event: 125.919 Thread 0x000001e8dd219a70 Exception <a 'java/lang/ArrayIndexOutOfBoundsException'{0x00000000d55f5c08}> (0x00000000d55f5c08) 
thrown [s\src\hotspot\share\runtime\sharedRuntime.cpp, line 625]
Event: 126.383 Thread 0x000001e8dd213e90 Exception <a 'java/lang/ArrayIndexOutOfBoundsException'{0x00000000d55b1fb8}> (0x00000000d55b1fb8) 
thrown [s\src\hotspot\share\runtime\sharedRuntime.cpp, line 625]
Event: 126.383 Thread 0x000001e8dd213e90 Exception <a 'java/lang/ArrayIndexOutOfBoundsException'{0x00000000d55b2330}> (0x00000000d55b2330) 
thrown [s\src\hotspot\share\runtime\sharedRuntime.cpp, line 625]
Event: 126.383 Thread 0x000001e8dd213e90 Exception <a 'java/lang/ArrayIndexOutOfBoundsException'{0x00000000d55b26a8}> (0x00000000d55b26a8) 
thrown [s\src\hotspot\share\runtime\sharedRuntime.cpp, line 625]
Event: 127.190 Thread 0x000001e8dcb04060 Exception <a 'java/lang/ArrayIndexOutOfBoundsException'{0x00000000d576eeb8}> (0x00000000d576eeb8) 
thrown [s\src\hotspot\share\runtime\sharedRuntime.cpp, line 625]
Event: 127.215 Thread 0x000001e8dcb04060 Exception <a 'java/lang/ArrayIndexOutOfBoundsException'{0x00000000d5622180}> (0x00000000d5622180) 
thrown [s\src\hotspot\share\runtime\sharedRuntime.cpp, line 625]
Event: 127.215 Thread 0x000001e8dcb04060 Exception <a 'java/lang/ArrayIndexOutOfBoundsException'{0x00000000d56229a8}> (0x00000000d56229a8) 
thrown [s\src\hotspot\share\runtime\sharedRuntime.cpp, line 625]
Event: 130.462 Thread 0x000001e8dcb039d0 Exception <a 'sun/nio/fs/WindowsException'{0x00000000d56f8ea0}> (0x00000000d56f8ea0) 
thrown [s\src\hotspot\share\prims\jni.cpp, line 520]
Event: 131.474 Thread 0x000001e8dcb039d0 Exception <a 'sun/nio/fs/WindowsException'{0x00000000d5607598}> (0x00000000d5607598) 
thrown [s\src\hotspot\share\prims\jni.cpp, line 520]
Event: 136.050 Thread 0x000001e8dcb039d0 Exception <a 'sun/nio/fs/WindowsException'{0x00000000d562ca58}> (0x00000000d562ca58) 
thrown [s\src\hotspot\share\prims\jni.cpp, line 520]
Event: 136.493 Thread 0x000001e8dcb039d0 Exception <a 'sun/nio/fs/WindowsException'{0x00000000d55e3360}> (0x00000000d55e3360) 
thrown [s\src\hotspot\share\prims\jni.cpp, line 520]
Event: 136.921 Thread 0x000001e8dcb04060 Exception <a 'java/lang/ArrayIndexOutOfBoundsException'{0x00000000d571c3e0}> (0x00000000d571c3e0) 
thrown [s\src\hotspot\share\runtime\sharedRuntime.cpp, line 625]
Event: 136.940 Thread 0x000001e8dcb04060 Exception <a 'java/lang/ArrayIndexOutOfBoundsException'{0x00000000d5602888}> (0x00000000d5602888) 
thrown [s\src\hotspot\share\runtime\sharedRuntime.cpp, line 625]
Event: 138.484 Thread 0x000001e8dcb04060 Exception <a 'java/lang/ArrayIndexOutOfBoundsException'{0x00000000d5730650}> (0x00000000d5730650) 
thrown [s\src\hotspot\share\runtime\sharedRuntime.cpp, line 625]
Event: 138.516 Thread 0x000001e8dcb04060 Exception <a 'java/lang/ArrayIndexOutOfBoundsException'{0x00000000d55d0f70}> (0x00000000d55d0f70) 
thrown [s\src\hotspot\share\runtime\sharedRuntime.cpp, line 625]
Event: 141.583 Thread 0x000001e8dcb039d0 Exception <a 'sun/nio/fs/WindowsException'{0x00000000d57ec1e0}> (0x00000000d57ec1e0) 
thrown [s\src\hotspot\share\prims\jni.cpp, line 520]
Event: 143.142 Thread 0x000001e8dcb039d0 Exception <a 'sun/nio/fs/WindowsException'{0x00000000d5590600}> (0x00000000d5590600) 
thrown [s\src\hotspot\share\prims\jni.cpp, line 520]

ZGC Phase Switch (0 events):
No events

VM Operations (20 events):
Event: 143.293 Executing VM operation: ParallelGCFailedAllocation (Allocation Failure) done
Event: 143.385 Executing VM operation: ParallelGCFailedAllocation (Allocation Failure)
Event: 143.390 Executing VM operation: ParallelGCFailedAllocation (Allocation Failure) done
Event: 143.690 Executing VM operation: ParallelGCFailedAllocation (Allocation Failure)
Event: 143.695 Executing VM operation: ParallelGCFailedAllocation (Allocation Failure) done
Event: 143.798 Executing VM operation: ParallelGCFailedAllocation (Allocation Failure)
Event: 143.804 Executing VM operation: ParallelGCFailedAllocation (Allocation Failure) done
Event: 144.056 Executing VM operation: ParallelGCFailedAllocation (Allocation Failure)
Event: 144.061 Executing VM operation: ParallelGCFailedAllocation (Allocation Failure) done
Event: 144.085 Executing VM operation: ParallelGCFailedAllocation (Allocation Failure)
Event: 144.090 Executing VM operation: ParallelGCFailedAllocation (Allocation Failure) done
Event: 144.532 Executing VM operation: ParallelGCFailedAllocation (Allocation Failure)
Event: 144.539 Executing VM operation: ParallelGCFailedAllocation (Allocation Failure) done
Event: 144.568 Executing VM operation: ParallelGCFailedAllocation (Allocation Failure)
Event: 144.580 Executing VM operation: ParallelGCFailedAllocation (Allocation Failure) done
Event: 144.647 Executing VM operation: ParallelGCFailedAllocation (Allocation Failure)
Event: 144.654 Executing VM operation: ParallelGCFailedAllocation (Allocation Failure) done
Event: 144.670 Executing VM operation: ParallelGCFailedAllocation (Allocation Failure)
Event: 144.677 Executing VM operation: ParallelGCFailedAllocation (Allocation Failure) done
Event: 144.816 Executing VM operation: ParallelGCFailedAllocation (Allocation Failure)

Memory protections (0 events):
No events

Nmethod flushes (20 events):
Event: 50.259 Thread 0x000001e8fe5dccd0 flushing  nmethod 0x000001e883a4b690
Event: 50.259 Thread 0x000001e8fe5dccd0 flushing osr nmethod 0x000001e883a4c410
Event: 50.259 Thread 0x000001e8fe5dccd0 flushing  nmethod 0x000001e883a5bb90
Event: 50.259 Thread 0x000001e8fe5dccd0 flushing  nmethod 0x000001e883a60010
Event: 50.259 Thread 0x000001e8fe5dccd0 flushing  nmethod 0x000001e883a61090
Event: 50.259 Thread 0x000001e8fe5dccd0 flushing  nmethod 0x000001e883a81f90
Event: 50.259 Thread 0x000001e8fe5dccd0 flushing  nmethod 0x000001e883a8ea90
Event: 50.259 Thread 0x000001e8fe5dccd0 flushing  nmethod 0x000001e883a91090
Event: 50.259 Thread 0x000001e8fe5dccd0 flushing  nmethod 0x000001e883ad5210
Event: 50.259 Thread 0x000001e8fe5dccd0 flushing  nmethod 0x000001e883ad5e90
Event: 50.259 Thread 0x000001e8fe5dccd0 flushing  nmethod 0x000001e883ad6410
Event: 50.259 Thread 0x000001e8fe5dccd0 flushing  nmethod 0x000001e883ad7610
Event: 50.259 Thread 0x000001e8fe5dccd0 flushing  nmethod 0x000001e883ad8890
Event: 50.259 Thread 0x000001e8fe5dccd0 flushing  nmethod 0x000001e883ad8e10
Event: 50.259 Thread 0x000001e8fe5dccd0 flushing  nmethod 0x000001e883ad9510
Event: 50.259 Thread 0x000001e8fe5dccd0 flushing  nmethod 0x000001e883ad9990
Event: 50.259 Thread 0x000001e8fe5dccd0 flushing  nmethod 0x000001e883ad9f10
Event: 50.259 Thread 0x000001e8fe5dccd0 flushing  nmethod 0x000001e883adb710
Event: 50.259 Thread 0x000001e8fe5dccd0 flushing  nmethod 0x000001e883adbc10
Event: 50.259 Thread 0x000001e8fe5dccd0 flushing  nmethod 0x000001e883adc910

Events (20 events):
Event: 24.903 Thread 0x000001e8dcb07b70 Thread exited: 0x000001e8dcb07b70
Event: 28.157 Thread 0x000001e8dc5a51e0 Thread added: 0x000001e8dcb07b70
Event: 28.160 Thread 0x000001e8dcb07b70 Thread added: 0x000001e8dd215f60
Event: 28.180 Thread 0x000001e8dcb07b70 Thread added: 0x000001e8dd212450
Event: 28.213 Thread 0x000001e8dd212450 Thread added: 0x000001e8dd218d50
Event: 28.371 Thread 0x000001e8dc5a51e0 Thread added: 0x000001e8dd213800
Event: 28.371 Thread 0x000001e8dc5a51e0 Thread added: 0x000001e8dd2179a0
Event: 35.146 Thread 0x000001e8dc5a51e0 Thread added: 0x000001e8dd212ae0
Event: 36.227 Thread 0x000001e8dc5a51e0 Thread added: 0x000001e8dd218030
Event: 36.281 Thread 0x000001e8dc5a51e0 Thread added: 0x000001e8dd2186c0
Event: 47.327 Thread 0x000001e8dcb04060 Thread added: 0x000001e8dd219a70
Event: 47.379 Thread 0x000001e8dcb04060 Thread added: 0x000001e8dd217310
Event: 86.655 Thread 0x000001e8dcb04060 Thread added: 0x000001e8dd213e90
Event: 87.679 Thread 0x000001e8dcb05aa0 Thread exited: 0x000001e8dcb05aa0
Event: 88.417 Thread 0x000001e8dcb08890 Thread exited: 0x000001e8dcb08890
Event: 88.493 Thread 0x000001e8dcb07b70 Thread exited: 0x000001e8dcb07b70
Event: 93.354 Thread 0x000001e8962e70b0 Thread added: 0x000001e8dec6fa40
Event: 95.349 Thread 0x000001e8dc5a4b50 Thread added: 0x000001e8dd214bb0
Event: 101.011 Thread 0x000001e8dec6fa40 Thread exited: 0x000001e8dec6fa40
Event: 104.615 Thread 0x000001e8dd219a70 Thread added: 0x000001e8dcb07b70


Dynamic libraries:
0x00007ff699a60000 - 0x00007ff699a6e000 	c:\Users\H\.vscode\extensions\redhat.java-1.43.1-win32-x64\jre\21.0.7-win32-x86_64\bin\java.exe
0x00007ffc28970000 - 0x00007ffc28b87000 	C:\WINDOWS\SYSTEM32\ntdll.dll
0x00007ffc27b60000 - 0x00007ffc27c24000 	C:\WINDOWS\System32\KERNEL32.DLL
0x00007ffc25e70000 - 0x00007ffc26242000 	C:\WINDOWS\System32\KERNELBASE.dll
0x00007ffc264e0000 - 0x00007ffc265f1000 	C:\WINDOWS\System32\ucrtbase.dll
0x00007ffc0e110000 - 0x00007ffc0e128000 	c:\Users\H\.vscode\extensions\redhat.java-1.43.1-win32-x64\jre\21.0.7-win32-x86_64\bin\jli.dll
0x00007ffc26810000 - 0x00007ffc269c1000 	C:\WINDOWS\System32\USER32.dll
0x00007ffc25a60000 - 0x00007ffc25a86000 	C:\WINDOWS\System32\win32u.dll
0x00007ffc28130000 - 0x00007ffc28159000 	C:\WINDOWS\System32\GDI32.dll
0x00007ffc262f0000 - 0x00007ffc26413000 	C:\WINDOWS\System32\gdi32full.dll
0x00007ffc26250000 - 0x00007ffc262ea000 	C:\WINDOWS\System32\msvcp_win.dll
0x00007ffbf9ad0000 - 0x00007ffbf9aee000 	c:\Users\H\.vscode\extensions\redhat.java-1.43.1-win32-x64\jre\21.0.7-win32-x86_64\bin\VCRUNTIME140.dll
0x00007ffc10130000 - 0x00007ffc103cb000 	C:\WINDOWS\WinSxS\amd64_microsoft.windows.common-controls_6595b64144ccf1df_6.0.22621.5547_none_27104afb73855772\COMCTL32.dll
0x00007ffc27700000 - 0x00007ffc277a7000 	C:\WINDOWS\System32\msvcrt.dll
0x00007ffc267d0000 - 0x00007ffc26801000 	C:\WINDOWS\System32\IMM32.DLL
0x00007ffc21e30000 - 0x00007ffc21e3c000 	c:\Users\H\.vscode\extensions\redhat.java-1.43.1-win32-x64\jre\21.0.7-win32-x86_64\bin\vcruntime140_1.dll
0x00007ffbdc490000 - 0x00007ffbdc51d000 	c:\Users\H\.vscode\extensions\redhat.java-1.43.1-win32-x64\jre\21.0.7-win32-x86_64\bin\msvcp140.dll
0x00007ffba5ff0000 - 0x00007ffba6d80000 	c:\Users\H\.vscode\extensions\redhat.java-1.43.1-win32-x64\jre\21.0.7-win32-x86_64\bin\server\jvm.dll
0x00007ffc28640000 - 0x00007ffc286f1000 	C:\WINDOWS\System32\ADVAPI32.dll
0x00007ffc27930000 - 0x00007ffc279d8000 	C:\WINDOWS\System32\sechost.dll
0x00007ffc25dc0000 - 0x00007ffc25de8000 	C:\WINDOWS\System32\bcrypt.dll
0x00007ffc28170000 - 0x00007ffc28284000 	C:\WINDOWS\System32\RPCRT4.dll
0x00007ffc27ca0000 - 0x00007ffc27d11000 	C:\WINDOWS\System32\WS2_32.dll
0x00007ffc248a0000 - 0x00007ffc248ed000 	C:\WINDOWS\SYSTEM32\POWRPROF.dll
0x00007ffc21eb0000 - 0x00007ffc21ee4000 	C:\WINDOWS\SYSTEM32\WINMM.dll
0x00007ffc1ec80000 - 0x00007ffc1ec8a000 	C:\WINDOWS\SYSTEM32\VERSION.dll
0x00007ffc24880000 - 0x00007ffc24893000 	C:\WINDOWS\SYSTEM32\UMPDC.dll
0x00007ffc24ae0000 - 0x00007ffc24af8000 	C:\WINDOWS\SYSTEM32\kernel.appcore.dll
0x00007ffc21da0000 - 0x00007ffc21daa000 	c:\Users\H\.vscode\extensions\redhat.java-1.43.1-win32-x64\jre\21.0.7-win32-x86_64\bin\jimage.dll
0x00007ffc1f220000 - 0x00007ffc1f453000 	C:\WINDOWS\SYSTEM32\DBGHELP.DLL
0x00007ffc27d30000 - 0x00007ffc280c3000 	C:\WINDOWS\System32\combase.dll
0x00007ffc27850000 - 0x00007ffc27927000 	C:\WINDOWS\System32\OLEAUT32.dll
0x00007ffc09680000 - 0x00007ffc096b2000 	C:\WINDOWS\SYSTEM32\dbgcore.DLL
0x00007ffc25a90000 - 0x00007ffc25b0b000 	C:\WINDOWS\System32\bcryptPrimitives.dll
0x00007ffc21b20000 - 0x00007ffc21b2f000 	c:\Users\H\.vscode\extensions\redhat.java-1.43.1-win32-x64\jre\21.0.7-win32-x86_64\bin\instrument.dll
0x00007ffbf8eb0000 - 0x00007ffbf8ecf000 	c:\Users\H\.vscode\extensions\redhat.java-1.43.1-win32-x64\jre\21.0.7-win32-x86_64\bin\java.dll
0x00007ffc26e50000 - 0x00007ffc276f2000 	C:\WINDOWS\System32\SHELL32.dll
0x00007ffc25b10000 - 0x00007ffc25c4f000 	C:\WINDOWS\System32\wintypes.dll
0x00007ffc23940000 - 0x00007ffc2425d000 	C:\WINDOWS\SYSTEM32\windows.storage.dll
0x00007ffc28480000 - 0x00007ffc2858c000 	C:\WINDOWS\System32\SHCORE.dll
0x00007ffc27c30000 - 0x00007ffc27c99000 	C:\WINDOWS\System32\shlwapi.dll
0x00007ffc25990000 - 0x00007ffc259bb000 	C:\WINDOWS\SYSTEM32\profapi.dll
0x00007ffbf79d0000 - 0x00007ffbf79e8000 	c:\Users\H\.vscode\extensions\redhat.java-1.43.1-win32-x64\jre\21.0.7-win32-x86_64\bin\zip.dll
0x00007ffc1a1d0000 - 0x00007ffc1a1e0000 	C:\Users\H\.vscode\extensions\redhat.java-1.43.1-win32-x64\jre\21.0.7-win32-x86_64\bin\net.dll
0x00007ffc1e670000 - 0x00007ffc1e79c000 	C:\WINDOWS\SYSTEM32\WINHTTP.dll
0x00007ffc24fc0000 - 0x00007ffc25029000 	C:\WINDOWS\system32\mswsock.dll
0x00007ffbf4090000 - 0x00007ffbf40a6000 	C:\Users\H\.vscode\extensions\redhat.java-1.43.1-win32-x64\jre\21.0.7-win32-x86_64\bin\nio.dll
0x00007ffc1a0a0000 - 0x00007ffc1a0b0000 	c:\Users\H\.vscode\extensions\redhat.java-1.43.1-win32-x64\jre\21.0.7-win32-x86_64\bin\verify.dll
0x00007ffc17df0000 - 0x00007ffc17e35000 	C:\Users\H\AppData\Roaming\Code\User\globalStorage\redhat.java\1.43.1\config_win\org.eclipse.equinox.launcher\org.eclipse.equinox.launcher.win32.win32.x86_64_1.2.1300.v20250331-1702\eclipse_11911.dll
0x00007ffc282e0000 - 0x00007ffc28480000 	C:\WINDOWS\System32\ole32.dll
0x00007ffc25240000 - 0x00007ffc2525b000 	C:\WINDOWS\SYSTEM32\CRYPTSP.dll
0x00007ffc24aa0000 - 0x00007ffc24ad7000 	C:\WINDOWS\system32\rsaenh.dll
0x00007ffc250d0000 - 0x00007ffc250f8000 	C:\WINDOWS\SYSTEM32\USERENV.dll
0x00007ffc25230000 - 0x00007ffc2523c000 	C:\WINDOWS\SYSTEM32\CRYPTBASE.dll
0x00007ffc244b0000 - 0x00007ffc244dd000 	C:\WINDOWS\SYSTEM32\IPHLPAPI.DLL
0x00007ffc27b50000 - 0x00007ffc27b59000 	C:\WINDOWS\System32\NSI.dll
0x00007ffbea540000 - 0x00007ffbea589000 	C:\Users\H\AppData\Local\Temp\jna-72\jna4888805377855070107.dll
0x00007ffc28160000 - 0x00007ffc28168000 	C:\WINDOWS\System32\PSAPI.DLL
0x00007ffc1eea0000 - 0x00007ffc1eeb9000 	C:\WINDOWS\SYSTEM32\dhcpcsvc6.DLL
0x00007ffc1e5f0000 - 0x00007ffc1e60f000 	C:\WINDOWS\SYSTEM32\dhcpcsvc.DLL

dbghelp: loaded successfully - version: 4.0.5 - missing functions: none
symbol engine: initialized successfully - sym options: 0x614 - pdb path: .;c:\Users\H\.vscode\extensions\redhat.java-1.43.1-win32-x64\jre\21.0.7-win32-x86_64\bin;C:\WINDOWS\SYSTEM32;C:\WINDOWS\WinSxS\amd64_microsoft.windows.common-controls_6595b64144ccf1df_6.0.22621.5547_none_27104afb73855772;c:\Users\H\.vscode\extensions\redhat.java-1.43.1-win32-x64\jre\21.0.7-win32-x86_64\bin\server;C:\Users\H\AppData\Roaming\Code\User\globalStorage\redhat.java\1.43.1\config_win\org.eclipse.equinox.launcher\org.eclipse.equinox.launcher.win32.win32.x86_64_1.2.1300.v20250331-1702;C:\Users\H\AppData\Local\Temp\jna-72

VM Arguments:
jvm_args: --add-modules=ALL-SYSTEM --add-opens=java.base/java.util=ALL-UNNAMED --add-opens=java.base/java.lang=ALL-UNNAMED --add-opens=java.base/sun.nio.fs=ALL-UNNAMED -Declipse.application=org.eclipse.jdt.ls.core.id1 -Dosgi.bundles.defaultStartLevel=4 -Declipse.product=org.eclipse.jdt.ls.core.product -Djava.import.generatesMetadataFilesAtProjectRoot=false -DDetectVMInstallationsJob.disabled=true -Dfile.encoding=utf8 -XX:+UseParallelGC -XX:GCTimeRatio=4 -XX:AdaptiveSizePolicyWeight=90 -Dsun.zip.disableMemoryMapping=true -Xmx2G -Xms100m -Xlog:disable -javaagent:c:\Users\H\.vscode\extensions\redhat.java-1.43.1-win32-x64\lombok\lombok-1.18.39-4050.jar -XX:+HeapDumpOnOutOfMemoryError -XX:HeapDumpPath=c:\Users\H\AppData\Roaming\Code\User\workspaceStorage\752bcb2c84d0666007193bd6390a1d86\redhat.java -Daether.dependencyCollector.impl=bf 
java_command: c:\Users\H\.vscode\extensions\redhat.java-1.43.1-win32-x64\server\plugins\org.eclipse.equinox.launcher_1.7.0.v20250519-0528.jar -configuration c:\Users\H\AppData\Roaming\Code\User\globalStorage\redhat.java\1.43.1\config_win -data c:\Users\H\AppData\Roaming\Code\User\workspaceStorage\752bcb2c84d0666007193bd6390a1d86\redhat.java\jdt_ws --pipe=\\.\pipe\lsp-21b0e103c3f99c38821bd3d4bb2d58cc-sock
java_class_path (initial): c:\Users\H\.vscode\extensions\redhat.java-1.43.1-win32-x64\server\plugins\org.eclipse.equinox.launcher_1.7.0.v20250519-0528.jar
Launcher Type: SUN_STANDARD

[Global flags]
    uintx AdaptiveSizePolicyWeight                 = 90                                        {product} {command line}
     intx CICompilerCount                          = 3                                         {product} {ergonomic}
    uintx GCTimeRatio                              = 4                                         {product} {command line}
     bool HeapDumpOnOutOfMemoryError               = true                                   {manageable} {command line}
    ccstr HeapDumpPath                             = c:\Users\H\AppData\Roaming\Code\User\workspaceStorage\752bcb2c84d0666007193bd6390a1d86\redhat.java         {manageable} {command line}
   size_t InitialHeapSize                          = 104857600                                 {product} {command line}
   size_t MaxHeapSize                              = 2147483648                                {product} {command line}
   size_t MaxNewSize                               = 715653120                                 {product} {ergonomic}
   size_t MinHeapDeltaBytes                        = 524288                                    {product} {ergonomic}
   size_t MinHeapSize                              = 104857600                                 {product} {command line}
   size_t NewSize                                  = 34603008                                  {product} {ergonomic}
    uintx NonNMethodCodeHeapSize                   = 5832780                                {pd product} {ergonomic}
    uintx NonProfiledCodeHeapSize                  = 122912730                              {pd product} {ergonomic}
   size_t OldSize                                  = 70254592                                  {product} {ergonomic}
    uintx ProfiledCodeHeapSize                     = 122912730                              {pd product} {ergonomic}
    uintx ReservedCodeCacheSize                    = 251658240                              {pd product} {ergonomic}
     bool SegmentedCodeCache                       = true                                      {product} {ergonomic}
   size_t SoftMaxHeapSize                          = 2147483648                             {manageable} {ergonomic}
     bool UseCompressedOops                        = true                           {product lp64_product} {ergonomic}
     bool UseLargePagesIndividualAllocation        = false                                  {pd product} {ergonomic}
     bool UseParallelGC                            = true                                      {product} {command line}

Logging:
Log output configuration:
 #0: stdout all=off uptime,level,tags foldmultilines=false
 #1: stderr all=off uptime,level,tags foldmultilines=false

Environment Variables:
PATH=C:\Program Files\Common Files\Oracle\Java\javapath;C:\WINDOWS\system32;C:\WINDOWS;C:\WINDOWS\System32\Wbem;C:\WINDOWS\System32\WindowsPowerShell\v1.0\;C:\WINDOWS\System32\OpenSSH\;C:\Program Files\HP\HP One Agent;C:\Users\H\AppData\Local\Programs\Python\Python313-32;C:\Users\H\AppData\Local\Programs\Python\Python313-32\Scripts;C:\ActiveTcl\lib\tcl8.6;C:\Users\H\AppData\Local\Programs\Python-3.11.11;C:\Program Files\Git\cmd;C:\Program Files\MySQL\MySQL Server 8.0\bin;C:\Program Files\MySQL\MySQL Shell 8.0\bin\;C:\Users\H\AppData\Local\Programs\Python\Python312\Scripts\;C:\Users\H\AppData\Local\Programs\Python\Python312\;C:\Users\H\AppData\Local\Programs\Python\Launcher\;C:\Users\H\AppData\Local\activestate\cache\bin;C:\Users\H\AppData\Local\ActiveState\StateTool\release\bin;C:\Users\H\AppData\Local\Programs\Python\Python313\Scripts\;C:\Users\H\AppData\Local\Programs\Python\Python313\;C:\Users\H\AppData\Local\Microsoft\WindowsApps;;C:\Users\H\AppData\Local\Programs\Microsoft VS Code\bin;C:\Program Files\JetBrains\PyCharm 2024.3.1.1\bin;;C:\Program Files\JetBrains\PyCharm Community Edition 2024.2.4\bin;
USERNAME=H
OS=Windows_NT
PROCESSOR_IDENTIFIER=AMD64 Family 23 Model 24 Stepping 1, AuthenticAMD
TMP=C:\Users\H\AppData\Local\Temp
TEMP=C:\Users\H\AppData\Local\Temp




Periodic native trim disabled

---------------  S Y S T E M  ---------------

OS:
 Windows 11 , 64 bit Build 22621 (10.0.22621.5415)
OS uptime: 2 days 2:29 hours
Hyper-V role detected

CPU: total 4 (initial active 4) (4 cores per cpu, 2 threads per core) family 23 model 24 stepping 1 microcode 0x0, cx8, cmov, fxsr, ht, mmx, 3dnowpref, sse, sse2, sse3, ssse3, sse4a, sse4.1, sse4.2, popcnt, lzcnt, tsc, tscinvbit, avx, avx2, aes, clmul, bmi1, bmi2, adx, sha, fma, vzeroupper, clflush, clflushopt, hv, rdtscp, f16c
Processor Information for the first 4 processors :
  Max Mhz: 2600, Current Mhz: 2600, Mhz Limit: 2600

Memory: 4k page, system-wide physical 3499M (179M free)
TotalPageFile size 14251M (AvailPageFile size 18M)
current process WorkingSet (physical memory assigned to process): 216M, peak: 487M
current process commit charge ("private bytes"): 827M, peak: 1676M

vm_info: OpenJDK 64-Bit Server VM (21.0.7+6-LTS) for windows-amd64 JRE (21.0.7+6-LTS), built on 2025-04-15T00:00:00Z by "admin" with MS VC++ 17.7 (VS2022)

END.
